Optimizing fused batch norm node name: "import/module_apply_default/InceptionV3/InceptionV3/Mixed_7c/Branch_0/Conv2d_0a_1x1/BatchNorm/FusedBatchNorm"
op: "FusedBatchNorm"
input: "import/module_apply_default/InceptionV3/InceptionV3/Mixed_7c/Branch_0/Conv2d_0a_1x1/Conv2D"
input: "import/module_apply_default/InceptionV3/InceptionV3/Mixed_7c/Branch_0/Conv2d_0a_1x1/BatchNorm/Const"
input: "import/module/InceptionV3/Mixed_7c/Branch_0/Conv2d_0a_1x1/BatchNorm/beta"
input: "import/module/InceptionV3/Mixed_7c/Branch_0/Conv2d_0a_1x1/BatchNorm/moving_mean"
input: "import/module/InceptionV3/Mixed_7c/Branch_0/Conv2d_0a_1x1/BatchNorm/moving_variance"
device: "/job:localhost/replica:0/task:0/device:CPU:0"
attr {
  key: "T"
  value {
    type: DT_FLOAT
  }
}
attr {
  key: "data_format"
  value {
    s: "NHWC"
  }
}
attr {
  key: "epsilon"
  value {
    f: 0.001
  }
}
attr {
  key: "is_training"
  value {
    b: false
  }
}

Optimizing fused batch norm node name: "import/module_apply_default/InceptionV3/InceptionV3/Mixed_7c/Branch_1/Conv2d_0b_1x3/BatchNorm/FusedBatchNorm"
op: "FusedBatchNorm"
input: "import/module_apply_default/InceptionV3/InceptionV3/Mixed_7c/Branch_1/Conv2d_0b_1x3/Conv2D"
input: "import/module_apply_default/InceptionV3/InceptionV3/Mixed_7c/Branch_1/Conv2d_0b_1x3/BatchNorm/Const"
input: "import/module/InceptionV3/Mixed_7c/Branch_1/Conv2d_0b_1x3/BatchNorm/beta"
input: "import/module/InceptionV3/Mixed_7c/Branch_1/Conv2d_0b_1x3/BatchNorm/moving_mean"
input: "import/module/InceptionV3/Mixed_7c/Branch_1/Conv2d_0b_1x3/BatchNorm/moving_variance"
device: "/job:localhost/replica:0/task:0/device:CPU:0"
attr {
  key: "T"
  value {
    type: DT_FLOAT
  }
}
attr {
  key: "data_format"
  value {
    s: "NHWC"
  }
}
attr {
  key: "epsilon"
  value {
    f: 0.001
  }
}
attr {
  key: "is_training"
  value {
    b: false
  }
}

Optimizing fused batch norm node name: "import/module_apply_default/InceptionV3/InceptionV3/Mixed_7c/Branch_1/Conv2d_0a_1x1/BatchNorm/FusedBatchNorm"
op: "FusedBatchNorm"
input: "import/module_apply_default/InceptionV3/InceptionV3/Mixed_7c/Branch_1/Conv2d_0a_1x1/Conv2D"
input: "import/module_apply_default/InceptionV3/InceptionV3/Mixed_7c/Branch_1/Conv2d_0a_1x1/BatchNorm/Const"
input: "import/module/InceptionV3/Mixed_7c/Branch_1/Conv2d_0a_1x1/BatchNorm/beta"
input: "import/module/InceptionV3/Mixed_7c/Branch_1/Conv2d_0a_1x1/BatchNorm/moving_mean"
input: "import/module/InceptionV3/Mixed_7c/Branch_1/Conv2d_0a_1x1/BatchNorm/moving_variance"
device: "/job:localhost/replica:0/task:0/device:CPU:0"
attr {
  key: "T"
  value {
    type: DT_FLOAT
  }
}
attr {
  key: "data_format"
  value {
    s: "NHWC"
  }
}
attr {
  key: "epsilon"
  value {
    f: 0.001
  }
}
attr {
  key: "is_training"
  value {
    b: false
  }
}

Optimizing fused batch norm node name: "import/module_apply_default/InceptionV3/InceptionV3/Mixed_7c/Branch_1/Conv2d_0c_3x1/BatchNorm/FusedBatchNorm"
op: "FusedBatchNorm"
input: "import/module_apply_default/InceptionV3/InceptionV3/Mixed_7c/Branch_1/Conv2d_0c_3x1/Conv2D"
input: "import/module_apply_default/InceptionV3/InceptionV3/Mixed_7c/Branch_1/Conv2d_0c_3x1/BatchNorm/Const"
input: "import/module/InceptionV3/Mixed_7c/Branch_1/Conv2d_0c_3x1/BatchNorm/beta"
input: "import/module/InceptionV3/Mixed_7c/Branch_1/Conv2d_0c_3x1/BatchNorm/moving_mean"
input: "import/module/InceptionV3/Mixed_7c/Branch_1/Conv2d_0c_3x1/BatchNorm/moving_variance"
device: "/job:localhost/replica:0/task:0/device:CPU:0"
attr {
  key: "T"
  value {
    type: DT_FLOAT
  }
}
attr {
  key: "data_format"
  value {
    s: "NHWC"
  }
}
attr {
  key: "epsilon"
  value {
    f: 0.001
  }
}
attr {
  key: "is_training"
  value {
    b: false
  }
}

Optimizing fused batch norm node name: "import/module_apply_default/InceptionV3/InceptionV3/Mixed_7c/Branch_2/Conv2d_0c_1x3/BatchNorm/FusedBatchNorm"
op: "FusedBatchNorm"
input: "import/module_apply_default/InceptionV3/InceptionV3/Mixed_7c/Branch_2/Conv2d_0c_1x3/Conv2D"
input: "import/module_apply_default/InceptionV3/InceptionV3/Mixed_7c/Branch_2/Conv2d_0c_1x3/BatchNorm/Const"
input: "import/module/InceptionV3/Mixed_7c/Branch_2/Conv2d_0c_1x3/BatchNorm/beta"
input: "import/module/InceptionV3/Mixed_7c/Branch_2/Conv2d_0c_1x3/BatchNorm/moving_mean"
input: "import/module/InceptionV3/Mixed_7c/Branch_2/Conv2d_0c_1x3/BatchNorm/moving_variance"
device: "/job:localhost/replica:0/task:0/device:CPU:0"
attr {
  key: "T"
  value {
    type: DT_FLOAT
  }
}
attr {
  key: "data_format"
  value {
    s: "NHWC"
  }
}
attr {
  key: "epsilon"
  value {
    f: 0.001
  }
}
attr {
  key: "is_training"
  value {
    b: false
  }
}

Optimizing fused batch norm node name: "import/module_apply_default/InceptionV3/InceptionV3/Mixed_7c/Branch_2/Conv2d_0a_1x1/BatchNorm/FusedBatchNorm"
op: "FusedBatchNorm"
input: "import/module_apply_default/InceptionV3/InceptionV3/Mixed_7c/Branch_2/Conv2d_0a_1x1/Conv2D"
input: "import/module_apply_default/InceptionV3/InceptionV3/Mixed_7c/Branch_2/Conv2d_0a_1x1/BatchNorm/Const"
input: "import/module/InceptionV3/Mixed_7c/Branch_2/Conv2d_0a_1x1/BatchNorm/beta"
input: "import/module/InceptionV3/Mixed_7c/Branch_2/Conv2d_0a_1x1/BatchNorm/moving_mean"
input: "import/module/InceptionV3/Mixed_7c/Branch_2/Conv2d_0a_1x1/BatchNorm/moving_variance"
device: "/job:localhost/replica:0/task:0/device:CPU:0"
attr {
  key: "T"
  value {
    type: DT_FLOAT
  }
}
attr {
  key: "data_format"
  value {
    s: "NHWC"
  }
}
attr {
  key: "epsilon"
  value {
    f: 0.001
  }
}
attr {
  key: "is_training"
  value {
    b: false
  }
}

Optimizing fused batch norm node name: "import/module_apply_default/InceptionV3/InceptionV3/Mixed_7c/Branch_2/Conv2d_0b_3x3/BatchNorm/FusedBatchNorm"
op: "FusedBatchNorm"
input: "import/module_apply_default/InceptionV3/InceptionV3/Mixed_7c/Branch_2/Conv2d_0b_3x3/Conv2D"
input: "import/module_apply_default/InceptionV3/InceptionV3/Mixed_7c/Branch_2/Conv2d_0b_3x3/BatchNorm/Const"
input: "import/module/InceptionV3/Mixed_7c/Branch_2/Conv2d_0b_3x3/BatchNorm/beta"
input: "import/module/InceptionV3/Mixed_7c/Branch_2/Conv2d_0b_3x3/BatchNorm/moving_mean"
input: "import/module/InceptionV3/Mixed_7c/Branch_2/Conv2d_0b_3x3/BatchNorm/moving_variance"
device: "/job:localhost/replica:0/task:0/device:CPU:0"
attr {
  key: "T"
  value {
    type: DT_FLOAT
  }
}
attr {
  key: "data_format"
  value {
    s: "NHWC"
  }
}
attr {
  key: "epsilon"
  value {
    f: 0.001
  }
}
attr {
  key: "is_training"
  value {
    b: false
  }
}

Optimizing fused batch norm node name: "import/module_apply_default/InceptionV3/InceptionV3/Mixed_7c/Branch_2/Conv2d_0d_3x1/BatchNorm/FusedBatchNorm"
op: "FusedBatchNorm"
input: "import/module_apply_default/InceptionV3/InceptionV3/Mixed_7c/Branch_2/Conv2d_0d_3x1/Conv2D"
input: "import/module_apply_default/InceptionV3/InceptionV3/Mixed_7c/Branch_2/Conv2d_0d_3x1/BatchNorm/Const"
input: "import/module/InceptionV3/Mixed_7c/Branch_2/Conv2d_0d_3x1/BatchNorm/beta"
input: "import/module/InceptionV3/Mixed_7c/Branch_2/Conv2d_0d_3x1/BatchNorm/moving_mean"
input: "import/module/InceptionV3/Mixed_7c/Branch_2/Conv2d_0d_3x1/BatchNorm/moving_variance"
device: "/job:localhost/replica:0/task:0/device:CPU:0"
attr {
  key: "T"
  value {
    type: DT_FLOAT
  }
}
attr {
  key: "data_format"
  value {
    s: "NHWC"
  }
}
attr {
  key: "epsilon"
  value {
    f: 0.001
  }
}
attr {
  key: "is_training"
  value {
    b: false
  }
}

Optimizing fused batch norm node name: "import/module_apply_default/InceptionV3/InceptionV3/Mixed_7b/Branch_0/Conv2d_0a_1x1/BatchNorm/FusedBatchNorm"
op: "FusedBatchNorm"
input: "import/module_apply_default/InceptionV3/InceptionV3/Mixed_7b/Branch_0/Conv2d_0a_1x1/Conv2D"
input: "import/module_apply_default/InceptionV3/InceptionV3/Mixed_7b/Branch_0/Conv2d_0a_1x1/BatchNorm/Const"
input: "import/module/InceptionV3/Mixed_7b/Branch_0/Conv2d_0a_1x1/BatchNorm/beta"
input: "import/module/InceptionV3/Mixed_7b/Branch_0/Conv2d_0a_1x1/BatchNorm/moving_mean"
input: "import/module/InceptionV3/Mixed_7b/Branch_0/Conv2d_0a_1x1/BatchNorm/moving_variance"
device: "/job:localhost/replica:0/task:0/device:CPU:0"
attr {
  key: "T"
  value {
    type: DT_FLOAT
  }
}
attr {
  key: "data_format"
  value {
    s: "NHWC"
  }
}
attr {
  key: "epsilon"
  value {
    f: 0.001
  }
}
attr {
  key: "is_training"
  value {
    b: false
  }
}

Optimizing fused batch norm node name: "import/module_apply_default/InceptionV3/InceptionV3/Mixed_7b/Branch_1/Conv2d_0b_1x3/BatchNorm/FusedBatchNorm"
op: "FusedBatchNorm"
input: "import/module_apply_default/InceptionV3/InceptionV3/Mixed_7b/Branch_1/Conv2d_0b_1x3/Conv2D"
input: "import/module_apply_default/InceptionV3/InceptionV3/Mixed_7b/Branch_1/Conv2d_0b_1x3/BatchNorm/Const"
input: "import/module/InceptionV3/Mixed_7b/Branch_1/Conv2d_0b_1x3/BatchNorm/beta"
input: "import/module/InceptionV3/Mixed_7b/Branch_1/Conv2d_0b_1x3/BatchNorm/moving_mean"
input: "import/module/InceptionV3/Mixed_7b/Branch_1/Conv2d_0b_1x3/BatchNorm/moving_variance"
device: "/job:localhost/replica:0/task:0/device:CPU:0"
attr {
  key: "T"
  value {
    type: DT_FLOAT
  }
}
attr {
  key: "data_format"
  value {
    s: "NHWC"
  }
}
attr {
  key: "epsilon"
  value {
    f: 0.001
  }
}
attr {
  key: "is_training"
  value {
    b: false
  }
}

Optimizing fused batch norm node name: "import/module_apply_default/InceptionV3/InceptionV3/Mixed_7b/Branch_1/Conv2d_0a_1x1/BatchNorm/FusedBatchNorm"
op: "FusedBatchNorm"
input: "import/module_apply_default/InceptionV3/InceptionV3/Mixed_7b/Branch_1/Conv2d_0a_1x1/Conv2D"
input: "import/module_apply_default/InceptionV3/InceptionV3/Mixed_7b/Branch_1/Conv2d_0a_1x1/BatchNorm/Const"
input: "import/module/InceptionV3/Mixed_7b/Branch_1/Conv2d_0a_1x1/BatchNorm/beta"
input: "import/module/InceptionV3/Mixed_7b/Branch_1/Conv2d_0a_1x1/BatchNorm/moving_mean"
input: "import/module/InceptionV3/Mixed_7b/Branch_1/Conv2d_0a_1x1/BatchNorm/moving_variance"
device: "/job:localhost/replica:0/task:0/device:CPU:0"
attr {
  key: "T"
  value {
    type: DT_FLOAT
  }
}
attr {
  key: "data_format"
  value {
    s: "NHWC"
  }
}
attr {
  key: "epsilon"
  value {
    f: 0.001
  }
}
attr {
  key: "is_training"
  value {
    b: false
  }
}

Optimizing fused batch norm node name: "import/module_apply_default/InceptionV3/InceptionV3/Mixed_7b/Branch_1/Conv2d_0b_3x1/BatchNorm/FusedBatchNorm"
op: "FusedBatchNorm"
input: "import/module_apply_default/InceptionV3/InceptionV3/Mixed_7b/Branch_1/Conv2d_0b_3x1/Conv2D"
input: "import/module_apply_default/InceptionV3/InceptionV3/Mixed_7b/Branch_1/Conv2d_0b_3x1/BatchNorm/Const"
input: "import/module/InceptionV3/Mixed_7b/Branch_1/Conv2d_0b_3x1/BatchNorm/beta"
input: "import/module/InceptionV3/Mixed_7b/Branch_1/Conv2d_0b_3x1/BatchNorm/moving_mean"
input: "import/module/InceptionV3/Mixed_7b/Branch_1/Conv2d_0b_3x1/BatchNorm/moving_variance"
device: "/job:localhost/replica:0/task:0/device:CPU:0"
attr {
  key: "T"
  value {
    type: DT_FLOAT
  }
}
attr {
  key: "data_format"
  value {
    s: "NHWC"
  }
}
attr {
  key: "epsilon"
  value {
    f: 0.001
  }
}
attr {
  key: "is_training"
  value {
    b: false
  }
}

Optimizing fused batch norm node name: "import/module_apply_default/InceptionV3/InceptionV3/Mixed_7b/Branch_2/Conv2d_0c_1x3/BatchNorm/FusedBatchNorm"
op: "FusedBatchNorm"
input: "import/module_apply_default/InceptionV3/InceptionV3/Mixed_7b/Branch_2/Conv2d_0c_1x3/Conv2D"
input: "import/module_apply_default/InceptionV3/InceptionV3/Mixed_7b/Branch_2/Conv2d_0c_1x3/BatchNorm/Const"
input: "import/module/InceptionV3/Mixed_7b/Branch_2/Conv2d_0c_1x3/BatchNorm/beta"
input: "import/module/InceptionV3/Mixed_7b/Branch_2/Conv2d_0c_1x3/BatchNorm/moving_mean"
input: "import/module/InceptionV3/Mixed_7b/Branch_2/Conv2d_0c_1x3/BatchNorm/moving_variance"
device: "/job:localhost/replica:0/task:0/device:CPU:0"
attr {
  key: "T"
  value {
    type: DT_FLOAT
  }
}
attr {
  key: "data_format"
  value {
    s: "NHWC"
  }
}
attr {
  key: "epsilon"
  value {
    f: 0.001
  }
}
attr {
  key: "is_training"
  value {
    b: false
  }
}

Optimizing fused batch norm node name: "import/module_apply_default/InceptionV3/InceptionV3/Mixed_7b/Branch_2/Conv2d_0a_1x1/BatchNorm/FusedBatchNorm"
op: "FusedBatchNorm"
input: "import/module_apply_default/InceptionV3/InceptionV3/Mixed_7b/Branch_2/Conv2d_0a_1x1/Conv2D"
input: "import/module_apply_default/InceptionV3/InceptionV3/Mixed_7b/Branch_2/Conv2d_0a_1x1/BatchNorm/Const"
input: "import/module/InceptionV3/Mixed_7b/Branch_2/Conv2d_0a_1x1/BatchNorm/beta"
input: "import/module/InceptionV3/Mixed_7b/Branch_2/Conv2d_0a_1x1/BatchNorm/moving_mean"
input: "import/module/InceptionV3/Mixed_7b/Branch_2/Conv2d_0a_1x1/BatchNorm/moving_variance"
device: "/job:localhost/replica:0/task:0/device:CPU:0"
attr {
  key: "T"
  value {
    type: DT_FLOAT
  }
}
attr {
  key: "data_format"
  value {
    s: "NHWC"
  }
}
attr {
  key: "epsilon"
  value {
    f: 0.001
  }
}
attr {
  key: "is_training"
  value {
    b: false
  }
}

Optimizing fused batch norm node name: "import/module_apply_default/InceptionV3/InceptionV3/Mixed_7b/Branch_2/Conv2d_0b_3x3/BatchNorm/FusedBatchNorm"
op: "FusedBatchNorm"
input: "import/module_apply_default/InceptionV3/InceptionV3/Mixed_7b/Branch_2/Conv2d_0b_3x3/Conv2D"
input: "import/module_apply_default/InceptionV3/InceptionV3/Mixed_7b/Branch_2/Conv2d_0b_3x3/BatchNorm/Const"
input: "import/module/InceptionV3/Mixed_7b/Branch_2/Conv2d_0b_3x3/BatchNorm/beta"
input: "import/module/InceptionV3/Mixed_7b/Branch_2/Conv2d_0b_3x3/BatchNorm/moving_mean"
input: "import/module/InceptionV3/Mixed_7b/Branch_2/Conv2d_0b_3x3/BatchNorm/moving_variance"
device: "/job:localhost/replica:0/task:0/device:CPU:0"
attr {
  key: "T"
  value {
    type: DT_FLOAT
  }
}
attr {
  key: "data_format"
  value {
    s: "NHWC"
  }
}
attr {
  key: "epsilon"
  value {
    f: 0.001
  }
}
attr {
  key: "is_training"
  value {
    b: false
  }
}

Optimizing fused batch norm node name: "import/module_apply_default/InceptionV3/InceptionV3/Mixed_7b/Branch_2/Conv2d_0d_3x1/BatchNorm/FusedBatchNorm"
op: "FusedBatchNorm"
input: "import/module_apply_default/InceptionV3/InceptionV3/Mixed_7b/Branch_2/Conv2d_0d_3x1/Conv2D"
input: "import/module_apply_default/InceptionV3/InceptionV3/Mixed_7b/Branch_2/Conv2d_0d_3x1/BatchNorm/Const"
input: "import/module/InceptionV3/Mixed_7b/Branch_2/Conv2d_0d_3x1/BatchNorm/beta"
input: "import/module/InceptionV3/Mixed_7b/Branch_2/Conv2d_0d_3x1/BatchNorm/moving_mean"
input: "import/module/InceptionV3/Mixed_7b/Branch_2/Conv2d_0d_3x1/BatchNorm/moving_variance"
device: "/job:localhost/replica:0/task:0/device:CPU:0"
attr {
  key: "T"
  value {
    type: DT_FLOAT
  }
}
attr {
  key: "data_format"
  value {
    s: "NHWC"
  }
}
attr {
  key: "epsilon"
  value {
    f: 0.001
  }
}
attr {
  key: "is_training"
  value {
    b: false
  }
}

Optimizing fused batch norm node name: "import/module_apply_default/InceptionV3/InceptionV3/Mixed_7a/Branch_0/Conv2d_0a_1x1/BatchNorm/FusedBatchNorm"
op: "FusedBatchNorm"
input: "import/module_apply_default/InceptionV3/InceptionV3/Mixed_7a/Branch_0/Conv2d_0a_1x1/Conv2D"
input: "import/module_apply_default/InceptionV3/InceptionV3/Mixed_7a/Branch_0/Conv2d_0a_1x1/BatchNorm/Const"
input: "import/module/InceptionV3/Mixed_7a/Branch_0/Conv2d_0a_1x1/BatchNorm/beta"
input: "import/module/InceptionV3/Mixed_7a/Branch_0/Conv2d_0a_1x1/BatchNorm/moving_mean"
input: "import/module/InceptionV3/Mixed_7a/Branch_0/Conv2d_0a_1x1/BatchNorm/moving_variance"
device: "/job:localhost/replica:0/task:0/device:CPU:0"
attr {
  key: "T"
  value {
    type: DT_FLOAT
  }
}
attr {
  key: "data_format"
  value {
    s: "NHWC"
  }
}
attr {
  key: "epsilon"
  value {
    f: 0.001
  }
}
attr {
  key: "is_training"
  value {
    b: false
  }
}

Optimizing fused batch norm node name: "import/module_apply_default/InceptionV3/InceptionV3/Mixed_7a/Branch_0/Conv2d_1a_3x3/BatchNorm/FusedBatchNorm"
op: "FusedBatchNorm"
input: "import/module_apply_default/InceptionV3/InceptionV3/Mixed_7a/Branch_0/Conv2d_1a_3x3/Conv2D"
input: "import/module_apply_default/InceptionV3/InceptionV3/Mixed_7a/Branch_0/Conv2d_1a_3x3/BatchNorm/Const"
input: "import/module/InceptionV3/Mixed_7a/Branch_0/Conv2d_1a_3x3/BatchNorm/beta"
input: "import/module/InceptionV3/Mixed_7a/Branch_0/Conv2d_1a_3x3/BatchNorm/moving_mean"
input: "import/module/InceptionV3/Mixed_7a/Branch_0/Conv2d_1a_3x3/BatchNorm/moving_variance"
device: "/job:localhost/replica:0/task:0/device:CPU:0"
attr {
  key: "T"
  value {
    type: DT_FLOAT
  }
}
attr {
  key: "data_format"
  value {
    s: "NHWC"
  }
}
attr {
  key: "epsilon"
  value {
    f: 0.001
  }
}
attr {
  key: "is_training"
  value {
    b: false
  }
}

Optimizing fused batch norm node name: "import/module_apply_default/InceptionV3/InceptionV3/Mixed_7a/Branch_1/Conv2d_0a_1x1/BatchNorm/FusedBatchNorm"
op: "FusedBatchNorm"
input: "import/module_apply_default/InceptionV3/InceptionV3/Mixed_7a/Branch_1/Conv2d_0a_1x1/Conv2D"
input: "import/module_apply_default/InceptionV3/InceptionV3/Mixed_7a/Branch_1/Conv2d_0a_1x1/BatchNorm/Const"
input: "import/module/InceptionV3/Mixed_7a/Branch_1/Conv2d_0a_1x1/BatchNorm/beta"
input: "import/module/InceptionV3/Mixed_7a/Branch_1/Conv2d_0a_1x1/BatchNorm/moving_mean"
input: "import/module/InceptionV3/Mixed_7a/Branch_1/Conv2d_0a_1x1/BatchNorm/moving_variance"
device: "/job:localhost/replica:0/task:0/device:CPU:0"
attr {
  key: "T"
  value {
    type: DT_FLOAT
  }
}
attr {
  key: "data_format"
  value {
    s: "NHWC"
  }
}
attr {
  key: "epsilon"
  value {
    f: 0.001
  }
}
attr {
  key: "is_training"
  value {
    b: false
  }
}

Optimizing fused batch norm node name: "import/module_apply_default/InceptionV3/InceptionV3/Mixed_7a/Branch_1/Conv2d_0b_1x7/BatchNorm/FusedBatchNorm"
op: "FusedBatchNorm"
input: "import/module_apply_default/InceptionV3/InceptionV3/Mixed_7a/Branch_1/Conv2d_0b_1x7/Conv2D"
input: "import/module_apply_default/InceptionV3/InceptionV3/Mixed_7a/Branch_1/Conv2d_0b_1x7/BatchNorm/Const"
input: "import/module/InceptionV3/Mixed_7a/Branch_1/Conv2d_0b_1x7/BatchNorm/beta"
input: "import/module/InceptionV3/Mixed_7a/Branch_1/Conv2d_0b_1x7/BatchNorm/moving_mean"
input: "import/module/InceptionV3/Mixed_7a/Branch_1/Conv2d_0b_1x7/BatchNorm/moving_variance"
device: "/job:localhost/replica:0/task:0/device:CPU:0"
attr {
  key: "T"
  value {
    type: DT_FLOAT
  }
}
attr {
  key: "data_format"
  value {
    s: "NHWC"
  }
}
attr {
  key: "epsilon"
  value {
    f: 0.001
  }
}
attr {
  key: "is_training"
  value {
    b: false
  }
}

Optimizing fused batch norm node name: "import/module_apply_default/InceptionV3/InceptionV3/Mixed_7a/Branch_1/Conv2d_0c_7x1/BatchNorm/FusedBatchNorm"
op: "FusedBatchNorm"
input: "import/module_apply_default/InceptionV3/InceptionV3/Mixed_7a/Branch_1/Conv2d_0c_7x1/Conv2D"
input: "import/module_apply_default/InceptionV3/InceptionV3/Mixed_7a/Branch_1/Conv2d_0c_7x1/BatchNorm/Const"
input: "import/module/InceptionV3/Mixed_7a/Branch_1/Conv2d_0c_7x1/BatchNorm/beta"
input: "import/module/InceptionV3/Mixed_7a/Branch_1/Conv2d_0c_7x1/BatchNorm/moving_mean"
input: "import/module/InceptionV3/Mixed_7a/Branch_1/Conv2d_0c_7x1/BatchNorm/moving_variance"
device: "/job:localhost/replica:0/task:0/device:CPU:0"
attr {
  key: "T"
  value {
    type: DT_FLOAT
  }
}
attr {
  key: "data_format"
  value {
    s: "NHWC"
  }
}
attr {
  key: "epsilon"
  value {
    f: 0.001
  }
}
attr {
  key: "is_training"
  value {
    b: false
  }
}

Optimizing fused batch norm node name: "import/module_apply_default/InceptionV3/InceptionV3/Mixed_7a/Branch_1/Conv2d_1a_3x3/BatchNorm/FusedBatchNorm"
op: "FusedBatchNorm"
input: "import/module_apply_default/InceptionV3/InceptionV3/Mixed_7a/Branch_1/Conv2d_1a_3x3/Conv2D"
input: "import/module_apply_default/InceptionV3/InceptionV3/Mixed_7a/Branch_1/Conv2d_1a_3x3/BatchNorm/Const"
input: "import/module/InceptionV3/Mixed_7a/Branch_1/Conv2d_1a_3x3/BatchNorm/beta"
input: "import/module/InceptionV3/Mixed_7a/Branch_1/Conv2d_1a_3x3/BatchNorm/moving_mean"
input: "import/module/InceptionV3/Mixed_7a/Branch_1/Conv2d_1a_3x3/BatchNorm/moving_variance"
device: "/job:localhost/replica:0/task:0/device:CPU:0"
attr {
  key: "T"
  value {
    type: DT_FLOAT
  }
}
attr {
  key: "data_format"
  value {
    s: "NHWC"
  }
}
attr {
  key: "epsilon"
  value {
    f: 0.001
  }
}
attr {
  key: "is_training"
  value {
    b: false
  }
}

Optimizing fused batch norm node name: "import/module_apply_default/InceptionV3/InceptionV3/Mixed_6e/Branch_0/Conv2d_0a_1x1/BatchNorm/FusedBatchNorm"
op: "FusedBatchNorm"
input: "import/module_apply_default/InceptionV3/InceptionV3/Mixed_6e/Branch_0/Conv2d_0a_1x1/Conv2D"
input: "import/module_apply_default/InceptionV3/InceptionV3/Mixed_6e/Branch_0/Conv2d_0a_1x1/BatchNorm/Const"
input: "import/module/InceptionV3/Mixed_6e/Branch_0/Conv2d_0a_1x1/BatchNorm/beta"
input: "import/module/InceptionV3/Mixed_6e/Branch_0/Conv2d_0a_1x1/BatchNorm/moving_mean"
input: "import/module/InceptionV3/Mixed_6e/Branch_0/Conv2d_0a_1x1/BatchNorm/moving_variance"
device: "/job:localhost/replica:0/task:0/device:CPU:0"
attr {
  key: "T"
  value {
    type: DT_FLOAT
  }
}
attr {
  key: "data_format"
  value {
    s: "NHWC"
  }
}
attr {
  key: "epsilon"
  value {
    f: 0.001
  }
}
attr {
  key: "is_training"
  value {
    b: false
  }
}

Optimizing fused batch norm node name: "import/module_apply_default/InceptionV3/InceptionV3/Mixed_6e/Branch_1/Conv2d_0a_1x1/BatchNorm/FusedBatchNorm"
op: "FusedBatchNorm"
input: "import/module_apply_default/InceptionV3/InceptionV3/Mixed_6e/Branch_1/Conv2d_0a_1x1/Conv2D"
input: "import/module_apply_default/InceptionV3/InceptionV3/Mixed_6e/Branch_1/Conv2d_0a_1x1/BatchNorm/Const"
input: "import/module/InceptionV3/Mixed_6e/Branch_1/Conv2d_0a_1x1/BatchNorm/beta"
input: "import/module/InceptionV3/Mixed_6e/Branch_1/Conv2d_0a_1x1/BatchNorm/moving_mean"
input: "import/module/InceptionV3/Mixed_6e/Branch_1/Conv2d_0a_1x1/BatchNorm/moving_variance"
device: "/job:localhost/replica:0/task:0/device:CPU:0"
attr {
  key: "T"
  value {
    type: DT_FLOAT
  }
}
attr {
  key: "data_format"
  value {
    s: "NHWC"
  }
}
attr {
  key: "epsilon"
  value {
    f: 0.001
  }
}
attr {
  key: "is_training"
  value {
    b: false
  }
}

Optimizing fused batch norm node name: "import/module_apply_default/InceptionV3/InceptionV3/Mixed_6e/Branch_1/Conv2d_0b_1x7/BatchNorm/FusedBatchNorm"
op: "FusedBatchNorm"
input: "import/module_apply_default/InceptionV3/InceptionV3/Mixed_6e/Branch_1/Conv2d_0b_1x7/Conv2D"
input: "import/module_apply_default/InceptionV3/InceptionV3/Mixed_6e/Branch_1/Conv2d_0b_1x7/BatchNorm/Const"
input: "import/module/InceptionV3/Mixed_6e/Branch_1/Conv2d_0b_1x7/BatchNorm/beta"
input: "import/module/InceptionV3/Mixed_6e/Branch_1/Conv2d_0b_1x7/BatchNorm/moving_mean"
input: "import/module/InceptionV3/Mixed_6e/Branch_1/Conv2d_0b_1x7/BatchNorm/moving_variance"
device: "/job:localhost/replica:0/task:0/device:CPU:0"
attr {
  key: "T"
  value {
    type: DT_FLOAT
  }
}
attr {
  key: "data_format"
  value {
    s: "NHWC"
  }
}
attr {
  key: "epsilon"
  value {
    f: 0.001
  }
}
attr {
  key: "is_training"
  value {
    b: false
  }
}

Optimizing fused batch norm node name: "import/module_apply_default/InceptionV3/InceptionV3/Mixed_6e/Branch_1/Conv2d_0c_7x1/BatchNorm/FusedBatchNorm"
op: "FusedBatchNorm"
input: "import/module_apply_default/InceptionV3/InceptionV3/Mixed_6e/Branch_1/Conv2d_0c_7x1/Conv2D"
input: "import/module_apply_default/InceptionV3/InceptionV3/Mixed_6e/Branch_1/Conv2d_0c_7x1/BatchNorm/Const"
input: "import/module/InceptionV3/Mixed_6e/Branch_1/Conv2d_0c_7x1/BatchNorm/beta"
input: "import/module/InceptionV3/Mixed_6e/Branch_1/Conv2d_0c_7x1/BatchNorm/moving_mean"
input: "import/module/InceptionV3/Mixed_6e/Branch_1/Conv2d_0c_7x1/BatchNorm/moving_variance"
device: "/job:localhost/replica:0/task:0/device:CPU:0"
attr {
  key: "T"
  value {
    type: DT_FLOAT
  }
}
attr {
  key: "data_format"
  value {
    s: "NHWC"
  }
}
attr {
  key: "epsilon"
  value {
    f: 0.001
  }
}
attr {
  key: "is_training"
  value {
    b: false
  }
}

Optimizing fused batch norm node name: "import/module_apply_default/InceptionV3/InceptionV3/Mixed_6e/Branch_2/Conv2d_0a_1x1/BatchNorm/FusedBatchNorm"
op: "FusedBatchNorm"
input: "import/module_apply_default/InceptionV3/InceptionV3/Mixed_6e/Branch_2/Conv2d_0a_1x1/Conv2D"
input: "import/module_apply_default/InceptionV3/InceptionV3/Mixed_6e/Branch_2/Conv2d_0a_1x1/BatchNorm/Const"
input: "import/module/InceptionV3/Mixed_6e/Branch_2/Conv2d_0a_1x1/BatchNorm/beta"
input: "import/module/InceptionV3/Mixed_6e/Branch_2/Conv2d_0a_1x1/BatchNorm/moving_mean"
input: "import/module/InceptionV3/Mixed_6e/Branch_2/Conv2d_0a_1x1/BatchNorm/moving_variance"
device: "/job:localhost/replica:0/task:0/device:CPU:0"
attr {
  key: "T"
  value {
    type: DT_FLOAT
  }
}
attr {
  key: "data_format"
  value {
    s: "NHWC"
  }
}
attr {
  key: "epsilon"
  value {
    f: 0.001
  }
}
attr {
  key: "is_training"
  value {
    b: false
  }
}

Optimizing fused batch norm node name: "import/module_apply_default/InceptionV3/InceptionV3/Mixed_6e/Branch_2/Conv2d_0b_7x1/BatchNorm/FusedBatchNorm"
op: "FusedBatchNorm"
input: "import/module_apply_default/InceptionV3/InceptionV3/Mixed_6e/Branch_2/Conv2d_0b_7x1/Conv2D"
input: "import/module_apply_default/InceptionV3/InceptionV3/Mixed_6e/Branch_2/Conv2d_0b_7x1/BatchNorm/Const"
input: "import/module/InceptionV3/Mixed_6e/Branch_2/Conv2d_0b_7x1/BatchNorm/beta"
input: "import/module/InceptionV3/Mixed_6e/Branch_2/Conv2d_0b_7x1/BatchNorm/moving_mean"
input: "import/module/InceptionV3/Mixed_6e/Branch_2/Conv2d_0b_7x1/BatchNorm/moving_variance"
device: "/job:localhost/replica:0/task:0/device:CPU:0"
attr {
  key: "T"
  value {
    type: DT_FLOAT
  }
}
attr {
  key: "data_format"
  value {
    s: "NHWC"
  }
}
attr {
  key: "epsilon"
  value {
    f: 0.001
  }
}
attr {
  key: "is_training"
  value {
    b: false
  }
}

Optimizing fused batch norm node name: "import/module_apply_default/InceptionV3/InceptionV3/Mixed_6e/Branch_2/Conv2d_0c_1x7/BatchNorm/FusedBatchNorm"
op: "FusedBatchNorm"
input: "import/module_apply_default/InceptionV3/InceptionV3/Mixed_6e/Branch_2/Conv2d_0c_1x7/Conv2D"
input: "import/module_apply_default/InceptionV3/InceptionV3/Mixed_6e/Branch_2/Conv2d_0c_1x7/BatchNorm/Const"
input: "import/module/InceptionV3/Mixed_6e/Branch_2/Conv2d_0c_1x7/BatchNorm/beta"
input: "import/module/InceptionV3/Mixed_6e/Branch_2/Conv2d_0c_1x7/BatchNorm/moving_mean"
input: "import/module/InceptionV3/Mixed_6e/Branch_2/Conv2d_0c_1x7/BatchNorm/moving_variance"
device: "/job:localhost/replica:0/task:0/device:CPU:0"
attr {
  key: "T"
  value {
    type: DT_FLOAT
  }
}
attr {
  key: "data_format"
  value {
    s: "NHWC"
  }
}
attr {
  key: "epsilon"
  value {
    f: 0.001
  }
}
attr {
  key: "is_training"
  value {
    b: false
  }
}

Optimizing fused batch norm node name: "import/module_apply_default/InceptionV3/InceptionV3/Mixed_6e/Branch_2/Conv2d_0d_7x1/BatchNorm/FusedBatchNorm"
op: "FusedBatchNorm"
input: "import/module_apply_default/InceptionV3/InceptionV3/Mixed_6e/Branch_2/Conv2d_0d_7x1/Conv2D"
input: "import/module_apply_default/InceptionV3/InceptionV3/Mixed_6e/Branch_2/Conv2d_0d_7x1/BatchNorm/Const"
input: "import/module/InceptionV3/Mixed_6e/Branch_2/Conv2d_0d_7x1/BatchNorm/beta"
input: "import/module/InceptionV3/Mixed_6e/Branch_2/Conv2d_0d_7x1/BatchNorm/moving_mean"
input: "import/module/InceptionV3/Mixed_6e/Branch_2/Conv2d_0d_7x1/BatchNorm/moving_variance"
device: "/job:localhost/replica:0/task:0/device:CPU:0"
attr {
  key: "T"
  value {
    type: DT_FLOAT
  }
}
attr {
  key: "data_format"
  value {
    s: "NHWC"
  }
}
attr {
  key: "epsilon"
  value {
    f: 0.001
  }
}
attr {
  key: "is_training"
  value {
    b: false
  }
}

Optimizing fused batch norm node name: "import/module_apply_default/InceptionV3/InceptionV3/Mixed_6e/Branch_2/Conv2d_0e_1x7/BatchNorm/FusedBatchNorm"
op: "FusedBatchNorm"
input: "import/module_apply_default/InceptionV3/InceptionV3/Mixed_6e/Branch_2/Conv2d_0e_1x7/Conv2D"
input: "import/module_apply_default/InceptionV3/InceptionV3/Mixed_6e/Branch_2/Conv2d_0e_1x7/BatchNorm/Const"
input: "import/module/InceptionV3/Mixed_6e/Branch_2/Conv2d_0e_1x7/BatchNorm/beta"
input: "import/module/InceptionV3/Mixed_6e/Branch_2/Conv2d_0e_1x7/BatchNorm/moving_mean"
input: "import/module/InceptionV3/Mixed_6e/Branch_2/Conv2d_0e_1x7/BatchNorm/moving_variance"
device: "/job:localhost/replica:0/task:0/device:CPU:0"
attr {
  key: "T"
  value {
    type: DT_FLOAT
  }
}
attr {
  key: "data_format"
  value {
    s: "NHWC"
  }
}
attr {
  key: "epsilon"
  value {
    f: 0.001
  }
}
attr {
  key: "is_training"
  value {
    b: false
  }
}

Optimizing fused batch norm node name: "import/module_apply_default/InceptionV3/InceptionV3/Mixed_6d/Branch_0/Conv2d_0a_1x1/BatchNorm/FusedBatchNorm"
op: "FusedBatchNorm"
input: "import/module_apply_default/InceptionV3/InceptionV3/Mixed_6d/Branch_0/Conv2d_0a_1x1/Conv2D"
input: "import/module_apply_default/InceptionV3/InceptionV3/Mixed_6d/Branch_0/Conv2d_0a_1x1/BatchNorm/Const"
input: "import/module/InceptionV3/Mixed_6d/Branch_0/Conv2d_0a_1x1/BatchNorm/beta"
input: "import/module/InceptionV3/Mixed_6d/Branch_0/Conv2d_0a_1x1/BatchNorm/moving_mean"
input: "import/module/InceptionV3/Mixed_6d/Branch_0/Conv2d_0a_1x1/BatchNorm/moving_variance"
device: "/job:localhost/replica:0/task:0/device:CPU:0"
attr {
  key: "T"
  value {
    type: DT_FLOAT
  }
}
attr {
  key: "data_format"
  value {
    s: "NHWC"
  }
}
attr {
  key: "epsilon"
  value {
    f: 0.001
  }
}
attr {
  key: "is_training"
  value {
    b: false
  }
}

Optimizing fused batch norm node name: "import/module_apply_default/InceptionV3/InceptionV3/Mixed_6d/Branch_1/Conv2d_0a_1x1/BatchNorm/FusedBatchNorm"
op: "FusedBatchNorm"
input: "import/module_apply_default/InceptionV3/InceptionV3/Mixed_6d/Branch_1/Conv2d_0a_1x1/Conv2D"
input: "import/module_apply_default/InceptionV3/InceptionV3/Mixed_6d/Branch_1/Conv2d_0a_1x1/BatchNorm/Const"
input: "import/module/InceptionV3/Mixed_6d/Branch_1/Conv2d_0a_1x1/BatchNorm/beta"
input: "import/module/InceptionV3/Mixed_6d/Branch_1/Conv2d_0a_1x1/BatchNorm/moving_mean"
input: "import/module/InceptionV3/Mixed_6d/Branch_1/Conv2d_0a_1x1/BatchNorm/moving_variance"
device: "/job:localhost/replica:0/task:0/device:CPU:0"
attr {
  key: "T"
  value {
    type: DT_FLOAT
  }
}
attr {
  key: "data_format"
  value {
    s: "NHWC"
  }
}
attr {
  key: "epsilon"
  value {
    f: 0.001
  }
}
attr {
  key: "is_training"
  value {
    b: false
  }
}

Optimizing fused batch norm node name: "import/module_apply_default/InceptionV3/InceptionV3/Mixed_6d/Branch_1/Conv2d_0b_1x7/BatchNorm/FusedBatchNorm"
op: "FusedBatchNorm"
input: "import/module_apply_default/InceptionV3/InceptionV3/Mixed_6d/Branch_1/Conv2d_0b_1x7/Conv2D"
input: "import/module_apply_default/InceptionV3/InceptionV3/Mixed_6d/Branch_1/Conv2d_0b_1x7/BatchNorm/Const"
input: "import/module/InceptionV3/Mixed_6d/Branch_1/Conv2d_0b_1x7/BatchNorm/beta"
input: "import/module/InceptionV3/Mixed_6d/Branch_1/Conv2d_0b_1x7/BatchNorm/moving_mean"
input: "import/module/InceptionV3/Mixed_6d/Branch_1/Conv2d_0b_1x7/BatchNorm/moving_variance"
device: "/job:localhost/replica:0/task:0/device:CPU:0"
attr {
  key: "T"
  value {
    type: DT_FLOAT
  }
}
attr {
  key: "data_format"
  value {
    s: "NHWC"
  }
}
attr {
  key: "epsilon"
  value {
    f: 0.001
  }
}
attr {
  key: "is_training"
  value {
    b: false
  }
}

Optimizing fused batch norm node name: "import/module_apply_default/InceptionV3/InceptionV3/Mixed_6d/Branch_1/Conv2d_0c_7x1/BatchNorm/FusedBatchNorm"
op: "FusedBatchNorm"
input: "import/module_apply_default/InceptionV3/InceptionV3/Mixed_6d/Branch_1/Conv2d_0c_7x1/Conv2D"
input: "import/module_apply_default/InceptionV3/InceptionV3/Mixed_6d/Branch_1/Conv2d_0c_7x1/BatchNorm/Const"
input: "import/module/InceptionV3/Mixed_6d/Branch_1/Conv2d_0c_7x1/BatchNorm/beta"
input: "import/module/InceptionV3/Mixed_6d/Branch_1/Conv2d_0c_7x1/BatchNorm/moving_mean"
input: "import/module/InceptionV3/Mixed_6d/Branch_1/Conv2d_0c_7x1/BatchNorm/moving_variance"
device: "/job:localhost/replica:0/task:0/device:CPU:0"
attr {
  key: "T"
  value {
    type: DT_FLOAT
  }
}
attr {
  key: "data_format"
  value {
    s: "NHWC"
  }
}
attr {
  key: "epsilon"
  value {
    f: 0.001
  }
}
attr {
  key: "is_training"
  value {
    b: false
  }
}

Optimizing fused batch norm node name: "import/module_apply_default/InceptionV3/InceptionV3/Mixed_6d/Branch_2/Conv2d_0a_1x1/BatchNorm/FusedBatchNorm"
op: "FusedBatchNorm"
input: "import/module_apply_default/InceptionV3/InceptionV3/Mixed_6d/Branch_2/Conv2d_0a_1x1/Conv2D"
input: "import/module_apply_default/InceptionV3/InceptionV3/Mixed_6d/Branch_2/Conv2d_0a_1x1/BatchNorm/Const"
input: "import/module/InceptionV3/Mixed_6d/Branch_2/Conv2d_0a_1x1/BatchNorm/beta"
input: "import/module/InceptionV3/Mixed_6d/Branch_2/Conv2d_0a_1x1/BatchNorm/moving_mean"
input: "import/module/InceptionV3/Mixed_6d/Branch_2/Conv2d_0a_1x1/BatchNorm/moving_variance"
device: "/job:localhost/replica:0/task:0/device:CPU:0"
attr {
  key: "T"
  value {
    type: DT_FLOAT
  }
}
attr {
  key: "data_format"
  value {
    s: "NHWC"
  }
}
attr {
  key: "epsilon"
  value {
    f: 0.001
  }
}
attr {
  key: "is_training"
  value {
    b: false
  }
}

Optimizing fused batch norm node name: "import/module_apply_default/InceptionV3/InceptionV3/Mixed_6d/Branch_2/Conv2d_0b_7x1/BatchNorm/FusedBatchNorm"
op: "FusedBatchNorm"
input: "import/module_apply_default/InceptionV3/InceptionV3/Mixed_6d/Branch_2/Conv2d_0b_7x1/Conv2D"
input: "import/module_apply_default/InceptionV3/InceptionV3/Mixed_6d/Branch_2/Conv2d_0b_7x1/BatchNorm/Const"
input: "import/module/InceptionV3/Mixed_6d/Branch_2/Conv2d_0b_7x1/BatchNorm/beta"
input: "import/module/InceptionV3/Mixed_6d/Branch_2/Conv2d_0b_7x1/BatchNorm/moving_mean"
input: "import/module/InceptionV3/Mixed_6d/Branch_2/Conv2d_0b_7x1/BatchNorm/moving_variance"
device: "/job:localhost/replica:0/task:0/device:CPU:0"
attr {
  key: "T"
  value {
    type: DT_FLOAT
  }
}
attr {
  key: "data_format"
  value {
    s: "NHWC"
  }
}
attr {
  key: "epsilon"
  value {
    f: 0.001
  }
}
attr {
  key: "is_training"
  value {
    b: false
  }
}

Optimizing fused batch norm node name: "import/module_apply_default/InceptionV3/InceptionV3/Mixed_6d/Branch_2/Conv2d_0c_1x7/BatchNorm/FusedBatchNorm"
op: "FusedBatchNorm"
input: "import/module_apply_default/InceptionV3/InceptionV3/Mixed_6d/Branch_2/Conv2d_0c_1x7/Conv2D"
input: "import/module_apply_default/InceptionV3/InceptionV3/Mixed_6d/Branch_2/Conv2d_0c_1x7/BatchNorm/Const"
input: "import/module/InceptionV3/Mixed_6d/Branch_2/Conv2d_0c_1x7/BatchNorm/beta"
input: "import/module/InceptionV3/Mixed_6d/Branch_2/Conv2d_0c_1x7/BatchNorm/moving_mean"
input: "import/module/InceptionV3/Mixed_6d/Branch_2/Conv2d_0c_1x7/BatchNorm/moving_variance"
device: "/job:localhost/replica:0/task:0/device:CPU:0"
attr {
  key: "T"
  value {
    type: DT_FLOAT
  }
}
attr {
  key: "data_format"
  value {
    s: "NHWC"
  }
}
attr {
  key: "epsilon"
  value {
    f: 0.001
  }
}
attr {
  key: "is_training"
  value {
    b: false
  }
}

Optimizing fused batch norm node name: "import/module_apply_default/InceptionV3/InceptionV3/Mixed_6d/Branch_2/Conv2d_0d_7x1/BatchNorm/FusedBatchNorm"
op: "FusedBatchNorm"
input: "import/module_apply_default/InceptionV3/InceptionV3/Mixed_6d/Branch_2/Conv2d_0d_7x1/Conv2D"
input: "import/module_apply_default/InceptionV3/InceptionV3/Mixed_6d/Branch_2/Conv2d_0d_7x1/BatchNorm/Const"
input: "import/module/InceptionV3/Mixed_6d/Branch_2/Conv2d_0d_7x1/BatchNorm/beta"
input: "import/module/InceptionV3/Mixed_6d/Branch_2/Conv2d_0d_7x1/BatchNorm/moving_mean"
input: "import/module/InceptionV3/Mixed_6d/Branch_2/Conv2d_0d_7x1/BatchNorm/moving_variance"
device: "/job:localhost/replica:0/task:0/device:CPU:0"
attr {
  key: "T"
  value {
    type: DT_FLOAT
  }
}
attr {
  key: "data_format"
  value {
    s: "NHWC"
  }
}
attr {
  key: "epsilon"
  value {
    f: 0.001
  }
}
attr {
  key: "is_training"
  value {
    b: false
  }
}

Optimizing fused batch norm node name: "import/module_apply_default/InceptionV3/InceptionV3/Mixed_6d/Branch_2/Conv2d_0e_1x7/BatchNorm/FusedBatchNorm"
op: "FusedBatchNorm"
input: "import/module_apply_default/InceptionV3/InceptionV3/Mixed_6d/Branch_2/Conv2d_0e_1x7/Conv2D"
input: "import/module_apply_default/InceptionV3/InceptionV3/Mixed_6d/Branch_2/Conv2d_0e_1x7/BatchNorm/Const"
input: "import/module/InceptionV3/Mixed_6d/Branch_2/Conv2d_0e_1x7/BatchNorm/beta"
input: "import/module/InceptionV3/Mixed_6d/Branch_2/Conv2d_0e_1x7/BatchNorm/moving_mean"
input: "import/module/InceptionV3/Mixed_6d/Branch_2/Conv2d_0e_1x7/BatchNorm/moving_variance"
device: "/job:localhost/replica:0/task:0/device:CPU:0"
attr {
  key: "T"
  value {
    type: DT_FLOAT
  }
}
attr {
  key: "data_format"
  value {
    s: "NHWC"
  }
}
attr {
  key: "epsilon"
  value {
    f: 0.001
  }
}
attr {
  key: "is_training"
  value {
    b: false
  }
}

Optimizing fused batch norm node name: "import/module_apply_default/InceptionV3/InceptionV3/Mixed_6c/Branch_0/Conv2d_0a_1x1/BatchNorm/FusedBatchNorm"
op: "FusedBatchNorm"
input: "import/module_apply_default/InceptionV3/InceptionV3/Mixed_6c/Branch_0/Conv2d_0a_1x1/Conv2D"
input: "import/module_apply_default/InceptionV3/InceptionV3/Mixed_6c/Branch_0/Conv2d_0a_1x1/BatchNorm/Const"
input: "import/module/InceptionV3/Mixed_6c/Branch_0/Conv2d_0a_1x1/BatchNorm/beta"
input: "import/module/InceptionV3/Mixed_6c/Branch_0/Conv2d_0a_1x1/BatchNorm/moving_mean"
input: "import/module/InceptionV3/Mixed_6c/Branch_0/Conv2d_0a_1x1/BatchNorm/moving_variance"
device: "/job:localhost/replica:0/task:0/device:CPU:0"
attr {
  key: "T"
  value {
    type: DT_FLOAT
  }
}
attr {
  key: "data_format"
  value {
    s: "NHWC"
  }
}
attr {
  key: "epsilon"
  value {
    f: 0.001
  }
}
attr {
  key: "is_training"
  value {
    b: false
  }
}

Optimizing fused batch norm node name: "import/module_apply_default/InceptionV3/InceptionV3/Mixed_6c/Branch_1/Conv2d_0a_1x1/BatchNorm/FusedBatchNorm"
op: "FusedBatchNorm"
input: "import/module_apply_default/InceptionV3/InceptionV3/Mixed_6c/Branch_1/Conv2d_0a_1x1/Conv2D"
input: "import/module_apply_default/InceptionV3/InceptionV3/Mixed_6c/Branch_1/Conv2d_0a_1x1/BatchNorm/Const"
input: "import/module/InceptionV3/Mixed_6c/Branch_1/Conv2d_0a_1x1/BatchNorm/beta"
input: "import/module/InceptionV3/Mixed_6c/Branch_1/Conv2d_0a_1x1/BatchNorm/moving_mean"
input: "import/module/InceptionV3/Mixed_6c/Branch_1/Conv2d_0a_1x1/BatchNorm/moving_variance"
device: "/job:localhost/replica:0/task:0/device:CPU:0"
attr {
  key: "T"
  value {
    type: DT_FLOAT
  }
}
attr {
  key: "data_format"
  value {
    s: "NHWC"
  }
}
attr {
  key: "epsilon"
  value {
    f: 0.001
  }
}
attr {
  key: "is_training"
  value {
    b: false
  }
}

Optimizing fused batch norm node name: "import/module_apply_default/InceptionV3/InceptionV3/Mixed_6c/Branch_1/Conv2d_0b_1x7/BatchNorm/FusedBatchNorm"
op: "FusedBatchNorm"
input: "import/module_apply_default/InceptionV3/InceptionV3/Mixed_6c/Branch_1/Conv2d_0b_1x7/Conv2D"
input: "import/module_apply_default/InceptionV3/InceptionV3/Mixed_6c/Branch_1/Conv2d_0b_1x7/BatchNorm/Const"
input: "import/module/InceptionV3/Mixed_6c/Branch_1/Conv2d_0b_1x7/BatchNorm/beta"
input: "import/module/InceptionV3/Mixed_6c/Branch_1/Conv2d_0b_1x7/BatchNorm/moving_mean"
input: "import/module/InceptionV3/Mixed_6c/Branch_1/Conv2d_0b_1x7/BatchNorm/moving_variance"
device: "/job:localhost/replica:0/task:0/device:CPU:0"
attr {
  key: "T"
  value {
    type: DT_FLOAT
  }
}
attr {
  key: "data_format"
  value {
    s: "NHWC"
  }
}
attr {
  key: "epsilon"
  value {
    f: 0.001
  }
}
attr {
  key: "is_training"
  value {
    b: false
  }
}

Optimizing fused batch norm node name: "import/module_apply_default/InceptionV3/InceptionV3/Mixed_6c/Branch_1/Conv2d_0c_7x1/BatchNorm/FusedBatchNorm"
op: "FusedBatchNorm"
input: "import/module_apply_default/InceptionV3/InceptionV3/Mixed_6c/Branch_1/Conv2d_0c_7x1/Conv2D"
input: "import/module_apply_default/InceptionV3/InceptionV3/Mixed_6c/Branch_1/Conv2d_0c_7x1/BatchNorm/Const"
input: "import/module/InceptionV3/Mixed_6c/Branch_1/Conv2d_0c_7x1/BatchNorm/beta"
input: "import/module/InceptionV3/Mixed_6c/Branch_1/Conv2d_0c_7x1/BatchNorm/moving_mean"
input: "import/module/InceptionV3/Mixed_6c/Branch_1/Conv2d_0c_7x1/BatchNorm/moving_variance"
device: "/job:localhost/replica:0/task:0/device:CPU:0"
attr {
  key: "T"
  value {
    type: DT_FLOAT
  }
}
attr {
  key: "data_format"
  value {
    s: "NHWC"
  }
}
attr {
  key: "epsilon"
  value {
    f: 0.001
  }
}
attr {
  key: "is_training"
  value {
    b: false
  }
}

Optimizing fused batch norm node name: "import/module_apply_default/InceptionV3/InceptionV3/Mixed_6c/Branch_2/Conv2d_0a_1x1/BatchNorm/FusedBatchNorm"
op: "FusedBatchNorm"
input: "import/module_apply_default/InceptionV3/InceptionV3/Mixed_6c/Branch_2/Conv2d_0a_1x1/Conv2D"
input: "import/module_apply_default/InceptionV3/InceptionV3/Mixed_6c/Branch_2/Conv2d_0a_1x1/BatchNorm/Const"
input: "import/module/InceptionV3/Mixed_6c/Branch_2/Conv2d_0a_1x1/BatchNorm/beta"
input: "import/module/InceptionV3/Mixed_6c/Branch_2/Conv2d_0a_1x1/BatchNorm/moving_mean"
input: "import/module/InceptionV3/Mixed_6c/Branch_2/Conv2d_0a_1x1/BatchNorm/moving_variance"
device: "/job:localhost/replica:0/task:0/device:CPU:0"
attr {
  key: "T"
  value {
    type: DT_FLOAT
  }
}
attr {
  key: "data_format"
  value {
    s: "NHWC"
  }
}
attr {
  key: "epsilon"
  value {
    f: 0.001
  }
}
attr {
  key: "is_training"
  value {
    b: false
  }
}

Optimizing fused batch norm node name: "import/module_apply_default/InceptionV3/InceptionV3/Mixed_6c/Branch_2/Conv2d_0b_7x1/BatchNorm/FusedBatchNorm"
op: "FusedBatchNorm"
input: "import/module_apply_default/InceptionV3/InceptionV3/Mixed_6c/Branch_2/Conv2d_0b_7x1/Conv2D"
input: "import/module_apply_default/InceptionV3/InceptionV3/Mixed_6c/Branch_2/Conv2d_0b_7x1/BatchNorm/Const"
input: "import/module/InceptionV3/Mixed_6c/Branch_2/Conv2d_0b_7x1/BatchNorm/beta"
input: "import/module/InceptionV3/Mixed_6c/Branch_2/Conv2d_0b_7x1/BatchNorm/moving_mean"
input: "import/module/InceptionV3/Mixed_6c/Branch_2/Conv2d_0b_7x1/BatchNorm/moving_variance"
device: "/job:localhost/replica:0/task:0/device:CPU:0"
attr {
  key: "T"
  value {
    type: DT_FLOAT
  }
}
attr {
  key: "data_format"
  value {
    s: "NHWC"
  }
}
attr {
  key: "epsilon"
  value {
    f: 0.001
  }
}
attr {
  key: "is_training"
  value {
    b: false
  }
}

Optimizing fused batch norm node name: "import/module_apply_default/InceptionV3/InceptionV3/Mixed_6c/Branch_2/Conv2d_0c_1x7/BatchNorm/FusedBatchNorm"
op: "FusedBatchNorm"
input: "import/module_apply_default/InceptionV3/InceptionV3/Mixed_6c/Branch_2/Conv2d_0c_1x7/Conv2D"
input: "import/module_apply_default/InceptionV3/InceptionV3/Mixed_6c/Branch_2/Conv2d_0c_1x7/BatchNorm/Const"
input: "import/module/InceptionV3/Mixed_6c/Branch_2/Conv2d_0c_1x7/BatchNorm/beta"
input: "import/module/InceptionV3/Mixed_6c/Branch_2/Conv2d_0c_1x7/BatchNorm/moving_mean"
input: "import/module/InceptionV3/Mixed_6c/Branch_2/Conv2d_0c_1x7/BatchNorm/moving_variance"
device: "/job:localhost/replica:0/task:0/device:CPU:0"
attr {
  key: "T"
  value {
    type: DT_FLOAT
  }
}
attr {
  key: "data_format"
  value {
    s: "NHWC"
  }
}
attr {
  key: "epsilon"
  value {
    f: 0.001
  }
}
attr {
  key: "is_training"
  value {
    b: false
  }
}

Optimizing fused batch norm node name: "import/module_apply_default/InceptionV3/InceptionV3/Mixed_6c/Branch_2/Conv2d_0d_7x1/BatchNorm/FusedBatchNorm"
op: "FusedBatchNorm"
input: "import/module_apply_default/InceptionV3/InceptionV3/Mixed_6c/Branch_2/Conv2d_0d_7x1/Conv2D"
input: "import/module_apply_default/InceptionV3/InceptionV3/Mixed_6c/Branch_2/Conv2d_0d_7x1/BatchNorm/Const"
input: "import/module/InceptionV3/Mixed_6c/Branch_2/Conv2d_0d_7x1/BatchNorm/beta"
input: "import/module/InceptionV3/Mixed_6c/Branch_2/Conv2d_0d_7x1/BatchNorm/moving_mean"
input: "import/module/InceptionV3/Mixed_6c/Branch_2/Conv2d_0d_7x1/BatchNorm/moving_variance"
device: "/job:localhost/replica:0/task:0/device:CPU:0"
attr {
  key: "T"
  value {
    type: DT_FLOAT
  }
}
attr {
  key: "data_format"
  value {
    s: "NHWC"
  }
}
attr {
  key: "epsilon"
  value {
    f: 0.001
  }
}
attr {
  key: "is_training"
  value {
    b: false
  }
}

Optimizing fused batch norm node name: "import/module_apply_default/InceptionV3/InceptionV3/Mixed_6c/Branch_2/Conv2d_0e_1x7/BatchNorm/FusedBatchNorm"
op: "FusedBatchNorm"
input: "import/module_apply_default/InceptionV3/InceptionV3/Mixed_6c/Branch_2/Conv2d_0e_1x7/Conv2D"
input: "import/module_apply_default/InceptionV3/InceptionV3/Mixed_6c/Branch_2/Conv2d_0e_1x7/BatchNorm/Const"
input: "import/module/InceptionV3/Mixed_6c/Branch_2/Conv2d_0e_1x7/BatchNorm/beta"
input: "import/module/InceptionV3/Mixed_6c/Branch_2/Conv2d_0e_1x7/BatchNorm/moving_mean"
input: "import/module/InceptionV3/Mixed_6c/Branch_2/Conv2d_0e_1x7/BatchNorm/moving_variance"
device: "/job:localhost/replica:0/task:0/device:CPU:0"
attr {
  key: "T"
  value {
    type: DT_FLOAT
  }
}
attr {
  key: "data_format"
  value {
    s: "NHWC"
  }
}
attr {
  key: "epsilon"
  value {
    f: 0.001
  }
}
attr {
  key: "is_training"
  value {
    b: false
  }
}

Optimizing fused batch norm node name: "import/module_apply_default/InceptionV3/InceptionV3/Mixed_6b/Branch_0/Conv2d_0a_1x1/BatchNorm/FusedBatchNorm"
op: "FusedBatchNorm"
input: "import/module_apply_default/InceptionV3/InceptionV3/Mixed_6b/Branch_0/Conv2d_0a_1x1/Conv2D"
input: "import/module_apply_default/InceptionV3/InceptionV3/Mixed_6b/Branch_0/Conv2d_0a_1x1/BatchNorm/Const"
input: "import/module/InceptionV3/Mixed_6b/Branch_0/Conv2d_0a_1x1/BatchNorm/beta"
input: "import/module/InceptionV3/Mixed_6b/Branch_0/Conv2d_0a_1x1/BatchNorm/moving_mean"
input: "import/module/InceptionV3/Mixed_6b/Branch_0/Conv2d_0a_1x1/BatchNorm/moving_variance"
device: "/job:localhost/replica:0/task:0/device:CPU:0"
attr {
  key: "T"
  value {
    type: DT_FLOAT
  }
}
attr {
  key: "data_format"
  value {
    s: "NHWC"
  }
}
attr {
  key: "epsilon"
  value {
    f: 0.001
  }
}
attr {
  key: "is_training"
  value {
    b: false
  }
}

Optimizing fused batch norm node name: "import/module_apply_default/InceptionV3/InceptionV3/Mixed_6b/Branch_1/Conv2d_0a_1x1/BatchNorm/FusedBatchNorm"
op: "FusedBatchNorm"
input: "import/module_apply_default/InceptionV3/InceptionV3/Mixed_6b/Branch_1/Conv2d_0a_1x1/Conv2D"
input: "import/module_apply_default/InceptionV3/InceptionV3/Mixed_6b/Branch_1/Conv2d_0a_1x1/BatchNorm/Const"
input: "import/module/InceptionV3/Mixed_6b/Branch_1/Conv2d_0a_1x1/BatchNorm/beta"
input: "import/module/InceptionV3/Mixed_6b/Branch_1/Conv2d_0a_1x1/BatchNorm/moving_mean"
input: "import/module/InceptionV3/Mixed_6b/Branch_1/Conv2d_0a_1x1/BatchNorm/moving_variance"
device: "/job:localhost/replica:0/task:0/device:CPU:0"
attr {
  key: "T"
  value {
    type: DT_FLOAT
  }
}
attr {
  key: "data_format"
  value {
    s: "NHWC"
  }
}
attr {
  key: "epsilon"
  value {
    f: 0.001
  }
}
attr {
  key: "is_training"
  value {
    b: false
  }
}

Optimizing fused batch norm node name: "import/module_apply_default/InceptionV3/InceptionV3/Mixed_6b/Branch_1/Conv2d_0b_1x7/BatchNorm/FusedBatchNorm"
op: "FusedBatchNorm"
input: "import/module_apply_default/InceptionV3/InceptionV3/Mixed_6b/Branch_1/Conv2d_0b_1x7/Conv2D"
input: "import/module_apply_default/InceptionV3/InceptionV3/Mixed_6b/Branch_1/Conv2d_0b_1x7/BatchNorm/Const"
input: "import/module/InceptionV3/Mixed_6b/Branch_1/Conv2d_0b_1x7/BatchNorm/beta"
input: "import/module/InceptionV3/Mixed_6b/Branch_1/Conv2d_0b_1x7/BatchNorm/moving_mean"
input: "import/module/InceptionV3/Mixed_6b/Branch_1/Conv2d_0b_1x7/BatchNorm/moving_variance"
device: "/job:localhost/replica:0/task:0/device:CPU:0"
attr {
  key: "T"
  value {
    type: DT_FLOAT
  }
}
attr {
  key: "data_format"
  value {
    s: "NHWC"
  }
}
attr {
  key: "epsilon"
  value {
    f: 0.001
  }
}
attr {
  key: "is_training"
  value {
    b: false
  }
}

Optimizing fused batch norm node name: "import/module_apply_default/InceptionV3/InceptionV3/Mixed_6b/Branch_1/Conv2d_0c_7x1/BatchNorm/FusedBatchNorm"
op: "FusedBatchNorm"
input: "import/module_apply_default/InceptionV3/InceptionV3/Mixed_6b/Branch_1/Conv2d_0c_7x1/Conv2D"
input: "import/module_apply_default/InceptionV3/InceptionV3/Mixed_6b/Branch_1/Conv2d_0c_7x1/BatchNorm/Const"
input: "import/module/InceptionV3/Mixed_6b/Branch_1/Conv2d_0c_7x1/BatchNorm/beta"
input: "import/module/InceptionV3/Mixed_6b/Branch_1/Conv2d_0c_7x1/BatchNorm/moving_mean"
input: "import/module/InceptionV3/Mixed_6b/Branch_1/Conv2d_0c_7x1/BatchNorm/moving_variance"
device: "/job:localhost/replica:0/task:0/device:CPU:0"
attr {
  key: "T"
  value {
    type: DT_FLOAT
  }
}
attr {
  key: "data_format"
  value {
    s: "NHWC"
  }
}
attr {
  key: "epsilon"
  value {
    f: 0.001
  }
}
attr {
  key: "is_training"
  value {
    b: false
  }
}

Optimizing fused batch norm node name: "import/module_apply_default/InceptionV3/InceptionV3/Mixed_6b/Branch_2/Conv2d_0a_1x1/BatchNorm/FusedBatchNorm"
op: "FusedBatchNorm"
input: "import/module_apply_default/InceptionV3/InceptionV3/Mixed_6b/Branch_2/Conv2d_0a_1x1/Conv2D"
input: "import/module_apply_default/InceptionV3/InceptionV3/Mixed_6b/Branch_2/Conv2d_0a_1x1/BatchNorm/Const"
input: "import/module/InceptionV3/Mixed_6b/Branch_2/Conv2d_0a_1x1/BatchNorm/beta"
input: "import/module/InceptionV3/Mixed_6b/Branch_2/Conv2d_0a_1x1/BatchNorm/moving_mean"
input: "import/module/InceptionV3/Mixed_6b/Branch_2/Conv2d_0a_1x1/BatchNorm/moving_variance"
device: "/job:localhost/replica:0/task:0/device:CPU:0"
attr {
  key: "T"
  value {
    type: DT_FLOAT
  }
}
attr {
  key: "data_format"
  value {
    s: "NHWC"
  }
}
attr {
  key: "epsilon"
  value {
    f: 0.001
  }
}
attr {
  key: "is_training"
  value {
    b: false
  }
}

Optimizing fused batch norm node name: "import/module_apply_default/InceptionV3/InceptionV3/Mixed_6b/Branch_2/Conv2d_0b_7x1/BatchNorm/FusedBatchNorm"
op: "FusedBatchNorm"
input: "import/module_apply_default/InceptionV3/InceptionV3/Mixed_6b/Branch_2/Conv2d_0b_7x1/Conv2D"
input: "import/module_apply_default/InceptionV3/InceptionV3/Mixed_6b/Branch_2/Conv2d_0b_7x1/BatchNorm/Const"
input: "import/module/InceptionV3/Mixed_6b/Branch_2/Conv2d_0b_7x1/BatchNorm/beta"
input: "import/module/InceptionV3/Mixed_6b/Branch_2/Conv2d_0b_7x1/BatchNorm/moving_mean"
input: "import/module/InceptionV3/Mixed_6b/Branch_2/Conv2d_0b_7x1/BatchNorm/moving_variance"
device: "/job:localhost/replica:0/task:0/device:CPU:0"
attr {
  key: "T"
  value {
    type: DT_FLOAT
  }
}
attr {
  key: "data_format"
  value {
    s: "NHWC"
  }
}
attr {
  key: "epsilon"
  value {
    f: 0.001
  }
}
attr {
  key: "is_training"
  value {
    b: false
  }
}

Optimizing fused batch norm node name: "import/module_apply_default/InceptionV3/InceptionV3/Mixed_6b/Branch_2/Conv2d_0c_1x7/BatchNorm/FusedBatchNorm"
op: "FusedBatchNorm"
input: "import/module_apply_default/InceptionV3/InceptionV3/Mixed_6b/Branch_2/Conv2d_0c_1x7/Conv2D"
input: "import/module_apply_default/InceptionV3/InceptionV3/Mixed_6b/Branch_2/Conv2d_0c_1x7/BatchNorm/Const"
input: "import/module/InceptionV3/Mixed_6b/Branch_2/Conv2d_0c_1x7/BatchNorm/beta"
input: "import/module/InceptionV3/Mixed_6b/Branch_2/Conv2d_0c_1x7/BatchNorm/moving_mean"
input: "import/module/InceptionV3/Mixed_6b/Branch_2/Conv2d_0c_1x7/BatchNorm/moving_variance"
device: "/job:localhost/replica:0/task:0/device:CPU:0"
attr {
  key: "T"
  value {
    type: DT_FLOAT
  }
}
attr {
  key: "data_format"
  value {
    s: "NHWC"
  }
}
attr {
  key: "epsilon"
  value {
    f: 0.001
  }
}
attr {
  key: "is_training"
  value {
    b: false
  }
}

Optimizing fused batch norm node name: "import/module_apply_default/InceptionV3/InceptionV3/Mixed_6b/Branch_2/Conv2d_0d_7x1/BatchNorm/FusedBatchNorm"
op: "FusedBatchNorm"
input: "import/module_apply_default/InceptionV3/InceptionV3/Mixed_6b/Branch_2/Conv2d_0d_7x1/Conv2D"
input: "import/module_apply_default/InceptionV3/InceptionV3/Mixed_6b/Branch_2/Conv2d_0d_7x1/BatchNorm/Const"
input: "import/module/InceptionV3/Mixed_6b/Branch_2/Conv2d_0d_7x1/BatchNorm/beta"
input: "import/module/InceptionV3/Mixed_6b/Branch_2/Conv2d_0d_7x1/BatchNorm/moving_mean"
input: "import/module/InceptionV3/Mixed_6b/Branch_2/Conv2d_0d_7x1/BatchNorm/moving_variance"
device: "/job:localhost/replica:0/task:0/device:CPU:0"
attr {
  key: "T"
  value {
    type: DT_FLOAT
  }
}
attr {
  key: "data_format"
  value {
    s: "NHWC"
  }
}
attr {
  key: "epsilon"
  value {
    f: 0.001
  }
}
attr {
  key: "is_training"
  value {
    b: false
  }
}

Optimizing fused batch norm node name: "import/module_apply_default/InceptionV3/InceptionV3/Mixed_6b/Branch_2/Conv2d_0e_1x7/BatchNorm/FusedBatchNorm"
op: "FusedBatchNorm"
input: "import/module_apply_default/InceptionV3/InceptionV3/Mixed_6b/Branch_2/Conv2d_0e_1x7/Conv2D"
input: "import/module_apply_default/InceptionV3/InceptionV3/Mixed_6b/Branch_2/Conv2d_0e_1x7/BatchNorm/Const"
input: "import/module/InceptionV3/Mixed_6b/Branch_2/Conv2d_0e_1x7/BatchNorm/beta"
input: "import/module/InceptionV3/Mixed_6b/Branch_2/Conv2d_0e_1x7/BatchNorm/moving_mean"
input: "import/module/InceptionV3/Mixed_6b/Branch_2/Conv2d_0e_1x7/BatchNorm/moving_variance"
device: "/job:localhost/replica:0/task:0/device:CPU:0"
attr {
  key: "T"
  value {
    type: DT_FLOAT
  }
}
attr {
  key: "data_format"
  value {
    s: "NHWC"
  }
}
attr {
  key: "epsilon"
  value {
    f: 0.001
  }
}
attr {
  key: "is_training"
  value {
    b: false
  }
}

Optimizing fused batch norm node name: "import/module_apply_default/InceptionV3/InceptionV3/Mixed_6a/Branch_0/Conv2d_1a_1x1/BatchNorm/FusedBatchNorm"
op: "FusedBatchNorm"
input: "import/module_apply_default/InceptionV3/InceptionV3/Mixed_6a/Branch_0/Conv2d_1a_1x1/Conv2D"
input: "import/module_apply_default/InceptionV3/InceptionV3/Mixed_6a/Branch_0/Conv2d_1a_1x1/BatchNorm/Const"
input: "import/module/InceptionV3/Mixed_6a/Branch_0/Conv2d_1a_1x1/BatchNorm/beta"
input: "import/module/InceptionV3/Mixed_6a/Branch_0/Conv2d_1a_1x1/BatchNorm/moving_mean"
input: "import/module/InceptionV3/Mixed_6a/Branch_0/Conv2d_1a_1x1/BatchNorm/moving_variance"
device: "/job:localhost/replica:0/task:0/device:CPU:0"
attr {
  key: "T"
  value {
    type: DT_FLOAT
  }
}
attr {
  key: "data_format"
  value {
    s: "NHWC"
  }
}
attr {
  key: "epsilon"
  value {
    f: 0.001
  }
}
attr {
  key: "is_training"
  value {
    b: false
  }
}

Optimizing fused batch norm node name: "import/module_apply_default/InceptionV3/InceptionV3/Mixed_6a/Branch_1/Conv2d_0a_1x1/BatchNorm/FusedBatchNorm"
op: "FusedBatchNorm"
input: "import/module_apply_default/InceptionV3/InceptionV3/Mixed_6a/Branch_1/Conv2d_0a_1x1/Conv2D"
input: "import/module_apply_default/InceptionV3/InceptionV3/Mixed_6a/Branch_1/Conv2d_0a_1x1/BatchNorm/Const"
input: "import/module/InceptionV3/Mixed_6a/Branch_1/Conv2d_0a_1x1/BatchNorm/beta"
input: "import/module/InceptionV3/Mixed_6a/Branch_1/Conv2d_0a_1x1/BatchNorm/moving_mean"
input: "import/module/InceptionV3/Mixed_6a/Branch_1/Conv2d_0a_1x1/BatchNorm/moving_variance"
device: "/job:localhost/replica:0/task:0/device:CPU:0"
attr {
  key: "T"
  value {
    type: DT_FLOAT
  }
}
attr {
  key: "data_format"
  value {
    s: "NHWC"
  }
}
attr {
  key: "epsilon"
  value {
    f: 0.001
  }
}
attr {
  key: "is_training"
  value {
    b: false
  }
}

Optimizing fused batch norm node name: "import/module_apply_default/InceptionV3/InceptionV3/Mixed_6a/Branch_1/Conv2d_0b_3x3/BatchNorm/FusedBatchNorm"
op: "FusedBatchNorm"
input: "import/module_apply_default/InceptionV3/InceptionV3/Mixed_6a/Branch_1/Conv2d_0b_3x3/Conv2D"
input: "import/module_apply_default/InceptionV3/InceptionV3/Mixed_6a/Branch_1/Conv2d_0b_3x3/BatchNorm/Const"
input: "import/module/InceptionV3/Mixed_6a/Branch_1/Conv2d_0b_3x3/BatchNorm/beta"
input: "import/module/InceptionV3/Mixed_6a/Branch_1/Conv2d_0b_3x3/BatchNorm/moving_mean"
input: "import/module/InceptionV3/Mixed_6a/Branch_1/Conv2d_0b_3x3/BatchNorm/moving_variance"
device: "/job:localhost/replica:0/task:0/device:CPU:0"
attr {
  key: "T"
  value {
    type: DT_FLOAT
  }
}
attr {
  key: "data_format"
  value {
    s: "NHWC"
  }
}
attr {
  key: "epsilon"
  value {
    f: 0.001
  }
}
attr {
  key: "is_training"
  value {
    b: false
  }
}

Optimizing fused batch norm node name: "import/module_apply_default/InceptionV3/InceptionV3/Mixed_6a/Branch_1/Conv2d_1a_1x1/BatchNorm/FusedBatchNorm"
op: "FusedBatchNorm"
input: "import/module_apply_default/InceptionV3/InceptionV3/Mixed_6a/Branch_1/Conv2d_1a_1x1/Conv2D"
input: "import/module_apply_default/InceptionV3/InceptionV3/Mixed_6a/Branch_1/Conv2d_1a_1x1/BatchNorm/Const"
input: "import/module/InceptionV3/Mixed_6a/Branch_1/Conv2d_1a_1x1/BatchNorm/beta"
input: "import/module/InceptionV3/Mixed_6a/Branch_1/Conv2d_1a_1x1/BatchNorm/moving_mean"
input: "import/module/InceptionV3/Mixed_6a/Branch_1/Conv2d_1a_1x1/BatchNorm/moving_variance"
device: "/job:localhost/replica:0/task:0/device:CPU:0"
attr {
  key: "T"
  value {
    type: DT_FLOAT
  }
}
attr {
  key: "data_format"
  value {
    s: "NHWC"
  }
}
attr {
  key: "epsilon"
  value {
    f: 0.001
  }
}
attr {
  key: "is_training"
  value {
    b: false
  }
}

Optimizing fused batch norm node name: "import/module_apply_default/InceptionV3/InceptionV3/Mixed_5d/Branch_0/Conv2d_0a_1x1/BatchNorm/FusedBatchNorm"
op: "FusedBatchNorm"
input: "import/module_apply_default/InceptionV3/InceptionV3/Mixed_5d/Branch_0/Conv2d_0a_1x1/Conv2D"
input: "import/module_apply_default/InceptionV3/InceptionV3/Mixed_5d/Branch_0/Conv2d_0a_1x1/BatchNorm/Const"
input: "import/module/InceptionV3/Mixed_5d/Branch_0/Conv2d_0a_1x1/BatchNorm/beta"
input: "import/module/InceptionV3/Mixed_5d/Branch_0/Conv2d_0a_1x1/BatchNorm/moving_mean"
input: "import/module/InceptionV3/Mixed_5d/Branch_0/Conv2d_0a_1x1/BatchNorm/moving_variance"
device: "/job:localhost/replica:0/task:0/device:CPU:0"
attr {
  key: "T"
  value {
    type: DT_FLOAT
  }
}
attr {
  key: "data_format"
  value {
    s: "NHWC"
  }
}
attr {
  key: "epsilon"
  value {
    f: 0.001
  }
}
attr {
  key: "is_training"
  value {
    b: false
  }
}

Optimizing fused batch norm node name: "import/module_apply_default/InceptionV3/InceptionV3/Mixed_5d/Branch_1/Conv2d_0a_1x1/BatchNorm/FusedBatchNorm"
op: "FusedBatchNorm"
input: "import/module_apply_default/InceptionV3/InceptionV3/Mixed_5d/Branch_1/Conv2d_0a_1x1/Conv2D"
input: "import/module_apply_default/InceptionV3/InceptionV3/Mixed_5d/Branch_1/Conv2d_0a_1x1/BatchNorm/Const"
input: "import/module/InceptionV3/Mixed_5d/Branch_1/Conv2d_0a_1x1/BatchNorm/beta"
input: "import/module/InceptionV3/Mixed_5d/Branch_1/Conv2d_0a_1x1/BatchNorm/moving_mean"
input: "import/module/InceptionV3/Mixed_5d/Branch_1/Conv2d_0a_1x1/BatchNorm/moving_variance"
device: "/job:localhost/replica:0/task:0/device:CPU:0"
attr {
  key: "T"
  value {
    type: DT_FLOAT
  }
}
attr {
  key: "data_format"
  value {
    s: "NHWC"
  }
}
attr {
  key: "epsilon"
  value {
    f: 0.001
  }
}
attr {
  key: "is_training"
  value {
    b: false
  }
}

Optimizing fused batch norm node name: "import/module_apply_default/InceptionV3/InceptionV3/Mixed_5d/Branch_1/Conv2d_0b_5x5/BatchNorm/FusedBatchNorm"
op: "FusedBatchNorm"
input: "import/module_apply_default/InceptionV3/InceptionV3/Mixed_5d/Branch_1/Conv2d_0b_5x5/Conv2D"
input: "import/module_apply_default/InceptionV3/InceptionV3/Mixed_5d/Branch_1/Conv2d_0b_5x5/BatchNorm/Const"
input: "import/module/InceptionV3/Mixed_5d/Branch_1/Conv2d_0b_5x5/BatchNorm/beta"
input: "import/module/InceptionV3/Mixed_5d/Branch_1/Conv2d_0b_5x5/BatchNorm/moving_mean"
input: "import/module/InceptionV3/Mixed_5d/Branch_1/Conv2d_0b_5x5/BatchNorm/moving_variance"
device: "/job:localhost/replica:0/task:0/device:CPU:0"
attr {
  key: "T"
  value {
    type: DT_FLOAT
  }
}
attr {
  key: "data_format"
  value {
    s: "NHWC"
  }
}
attr {
  key: "epsilon"
  value {
    f: 0.001
  }
}
attr {
  key: "is_training"
  value {
    b: false
  }
}

Optimizing fused batch norm node name: "import/module_apply_default/InceptionV3/InceptionV3/Mixed_5d/Branch_2/Conv2d_0a_1x1/BatchNorm/FusedBatchNorm"
op: "FusedBatchNorm"
input: "import/module_apply_default/InceptionV3/InceptionV3/Mixed_5d/Branch_2/Conv2d_0a_1x1/Conv2D"
input: "import/module_apply_default/InceptionV3/InceptionV3/Mixed_5d/Branch_2/Conv2d_0a_1x1/BatchNorm/Const"
input: "import/module/InceptionV3/Mixed_5d/Branch_2/Conv2d_0a_1x1/BatchNorm/beta"
input: "import/module/InceptionV3/Mixed_5d/Branch_2/Conv2d_0a_1x1/BatchNorm/moving_mean"
input: "import/module/InceptionV3/Mixed_5d/Branch_2/Conv2d_0a_1x1/BatchNorm/moving_variance"
device: "/job:localhost/replica:0/task:0/device:CPU:0"
attr {
  key: "T"
  value {
    type: DT_FLOAT
  }
}
attr {
  key: "data_format"
  value {
    s: "NHWC"
  }
}
attr {
  key: "epsilon"
  value {
    f: 0.001
  }
}
attr {
  key: "is_training"
  value {
    b: false
  }
}

Optimizing fused batch norm node name: "import/module_apply_default/InceptionV3/InceptionV3/Mixed_5d/Branch_2/Conv2d_0b_3x3/BatchNorm/FusedBatchNorm"
op: "FusedBatchNorm"
input: "import/module_apply_default/InceptionV3/InceptionV3/Mixed_5d/Branch_2/Conv2d_0b_3x3/Conv2D"
input: "import/module_apply_default/InceptionV3/InceptionV3/Mixed_5d/Branch_2/Conv2d_0b_3x3/BatchNorm/Const"
input: "import/module/InceptionV3/Mixed_5d/Branch_2/Conv2d_0b_3x3/BatchNorm/beta"
input: "import/module/InceptionV3/Mixed_5d/Branch_2/Conv2d_0b_3x3/BatchNorm/moving_mean"
input: "import/module/InceptionV3/Mixed_5d/Branch_2/Conv2d_0b_3x3/BatchNorm/moving_variance"
device: "/job:localhost/replica:0/task:0/device:CPU:0"
attr {
  key: "T"
  value {
    type: DT_FLOAT
  }
}
attr {
  key: "data_format"
  value {
    s: "NHWC"
  }
}
attr {
  key: "epsilon"
  value {
    f: 0.001
  }
}
attr {
  key: "is_training"
  value {
    b: false
  }
}

Optimizing fused batch norm node name: "import/module_apply_default/InceptionV3/InceptionV3/Mixed_5d/Branch_2/Conv2d_0c_3x3/BatchNorm/FusedBatchNorm"
op: "FusedBatchNorm"
input: "import/module_apply_default/InceptionV3/InceptionV3/Mixed_5d/Branch_2/Conv2d_0c_3x3/Conv2D"
input: "import/module_apply_default/InceptionV3/InceptionV3/Mixed_5d/Branch_2/Conv2d_0c_3x3/BatchNorm/Const"
input: "import/module/InceptionV3/Mixed_5d/Branch_2/Conv2d_0c_3x3/BatchNorm/beta"
input: "import/module/InceptionV3/Mixed_5d/Branch_2/Conv2d_0c_3x3/BatchNorm/moving_mean"
input: "import/module/InceptionV3/Mixed_5d/Branch_2/Conv2d_0c_3x3/BatchNorm/moving_variance"
device: "/job:localhost/replica:0/task:0/device:CPU:0"
attr {
  key: "T"
  value {
    type: DT_FLOAT
  }
}
attr {
  key: "data_format"
  value {
    s: "NHWC"
  }
}
attr {
  key: "epsilon"
  value {
    f: 0.001
  }
}
attr {
  key: "is_training"
  value {
    b: false
  }
}

Optimizing fused batch norm node name: "import/module_apply_default/InceptionV3/InceptionV3/Mixed_5c/Branch_0/Conv2d_0a_1x1/BatchNorm/FusedBatchNorm"
op: "FusedBatchNorm"
input: "import/module_apply_default/InceptionV3/InceptionV3/Mixed_5c/Branch_0/Conv2d_0a_1x1/Conv2D"
input: "import/module_apply_default/InceptionV3/InceptionV3/Mixed_5c/Branch_0/Conv2d_0a_1x1/BatchNorm/Const"
input: "import/module/InceptionV3/Mixed_5c/Branch_0/Conv2d_0a_1x1/BatchNorm/beta"
input: "import/module/InceptionV3/Mixed_5c/Branch_0/Conv2d_0a_1x1/BatchNorm/moving_mean"
input: "import/module/InceptionV3/Mixed_5c/Branch_0/Conv2d_0a_1x1/BatchNorm/moving_variance"
device: "/job:localhost/replica:0/task:0/device:CPU:0"
attr {
  key: "T"
  value {
    type: DT_FLOAT
  }
}
attr {
  key: "data_format"
  value {
    s: "NHWC"
  }
}
attr {
  key: "epsilon"
  value {
    f: 0.001
  }
}
attr {
  key: "is_training"
  value {
    b: false
  }
}

Optimizing fused batch norm node name: "import/module_apply_default/InceptionV3/InceptionV3/Mixed_5c/Branch_1/Conv2d_0b_1x1/BatchNorm/FusedBatchNorm"
op: "FusedBatchNorm"
input: "import/module_apply_default/InceptionV3/InceptionV3/Mixed_5c/Branch_1/Conv2d_0b_1x1/Conv2D"
input: "import/module_apply_default/InceptionV3/InceptionV3/Mixed_5c/Branch_1/Conv2d_0b_1x1/BatchNorm/Const"
input: "import/module/InceptionV3/Mixed_5c/Branch_1/Conv2d_0b_1x1/BatchNorm/beta"
input: "import/module/InceptionV3/Mixed_5c/Branch_1/Conv2d_0b_1x1/BatchNorm/moving_mean"
input: "import/module/InceptionV3/Mixed_5c/Branch_1/Conv2d_0b_1x1/BatchNorm/moving_variance"
device: "/job:localhost/replica:0/task:0/device:CPU:0"
attr {
  key: "T"
  value {
    type: DT_FLOAT
  }
}
attr {
  key: "data_format"
  value {
    s: "NHWC"
  }
}
attr {
  key: "epsilon"
  value {
    f: 0.001
  }
}
attr {
  key: "is_training"
  value {
    b: false
  }
}

Optimizing fused batch norm node name: "import/module_apply_default/InceptionV3/InceptionV3/Mixed_5c/Branch_1/Conv_1_0c_5x5/BatchNorm/FusedBatchNorm"
op: "FusedBatchNorm"
input: "import/module_apply_default/InceptionV3/InceptionV3/Mixed_5c/Branch_1/Conv_1_0c_5x5/Conv2D"
input: "import/module_apply_default/InceptionV3/InceptionV3/Mixed_5c/Branch_1/Conv_1_0c_5x5/BatchNorm/Const"
input: "import/module/InceptionV3/Mixed_5c/Branch_1/Conv_1_0c_5x5/BatchNorm/beta"
input: "import/module/InceptionV3/Mixed_5c/Branch_1/Conv_1_0c_5x5/BatchNorm/moving_mean"
input: "import/module/InceptionV3/Mixed_5c/Branch_1/Conv_1_0c_5x5/BatchNorm/moving_variance"
device: "/job:localhost/replica:0/task:0/device:CPU:0"
attr {
  key: "T"
  value {
    type: DT_FLOAT
  }
}
attr {
  key: "data_format"
  value {
    s: "NHWC"
  }
}
attr {
  key: "epsilon"
  value {
    f: 0.001
  }
}
attr {
  key: "is_training"
  value {
    b: false
  }
}

Optimizing fused batch norm node name: "import/module_apply_default/InceptionV3/InceptionV3/Mixed_5c/Branch_2/Conv2d_0a_1x1/BatchNorm/FusedBatchNorm"
op: "FusedBatchNorm"
input: "import/module_apply_default/InceptionV3/InceptionV3/Mixed_5c/Branch_2/Conv2d_0a_1x1/Conv2D"
input: "import/module_apply_default/InceptionV3/InceptionV3/Mixed_5c/Branch_2/Conv2d_0a_1x1/BatchNorm/Const"
input: "import/module/InceptionV3/Mixed_5c/Branch_2/Conv2d_0a_1x1/BatchNorm/beta"
input: "import/module/InceptionV3/Mixed_5c/Branch_2/Conv2d_0a_1x1/BatchNorm/moving_mean"
input: "import/module/InceptionV3/Mixed_5c/Branch_2/Conv2d_0a_1x1/BatchNorm/moving_variance"
device: "/job:localhost/replica:0/task:0/device:CPU:0"
attr {
  key: "T"
  value {
    type: DT_FLOAT
  }
}
attr {
  key: "data_format"
  value {
    s: "NHWC"
  }
}
attr {
  key: "epsilon"
  value {
    f: 0.001
  }
}
attr {
  key: "is_training"
  value {
    b: false
  }
}

Optimizing fused batch norm node name: "import/module_apply_default/InceptionV3/InceptionV3/Mixed_5c/Branch_2/Conv2d_0b_3x3/BatchNorm/FusedBatchNorm"
op: "FusedBatchNorm"
input: "import/module_apply_default/InceptionV3/InceptionV3/Mixed_5c/Branch_2/Conv2d_0b_3x3/Conv2D"
input: "import/module_apply_default/InceptionV3/InceptionV3/Mixed_5c/Branch_2/Conv2d_0b_3x3/BatchNorm/Const"
input: "import/module/InceptionV3/Mixed_5c/Branch_2/Conv2d_0b_3x3/BatchNorm/beta"
input: "import/module/InceptionV3/Mixed_5c/Branch_2/Conv2d_0b_3x3/BatchNorm/moving_mean"
input: "import/module/InceptionV3/Mixed_5c/Branch_2/Conv2d_0b_3x3/BatchNorm/moving_variance"
device: "/job:localhost/replica:0/task:0/device:CPU:0"
attr {
  key: "T"
  value {
    type: DT_FLOAT
  }
}
attr {
  key: "data_format"
  value {
    s: "NHWC"
  }
}
attr {
  key: "epsilon"
  value {
    f: 0.001
  }
}
attr {
  key: "is_training"
  value {
    b: false
  }
}

Optimizing fused batch norm node name: "import/module_apply_default/InceptionV3/InceptionV3/Mixed_5c/Branch_2/Conv2d_0c_3x3/BatchNorm/FusedBatchNorm"
op: "FusedBatchNorm"
input: "import/module_apply_default/InceptionV3/InceptionV3/Mixed_5c/Branch_2/Conv2d_0c_3x3/Conv2D"
input: "import/module_apply_default/InceptionV3/InceptionV3/Mixed_5c/Branch_2/Conv2d_0c_3x3/BatchNorm/Const"
input: "import/module/InceptionV3/Mixed_5c/Branch_2/Conv2d_0c_3x3/BatchNorm/beta"
input: "import/module/InceptionV3/Mixed_5c/Branch_2/Conv2d_0c_3x3/BatchNorm/moving_mean"
input: "import/module/InceptionV3/Mixed_5c/Branch_2/Conv2d_0c_3x3/BatchNorm/moving_variance"
device: "/job:localhost/replica:0/task:0/device:CPU:0"
attr {
  key: "T"
  value {
    type: DT_FLOAT
  }
}
attr {
  key: "data_format"
  value {
    s: "NHWC"
  }
}
attr {
  key: "epsilon"
  value {
    f: 0.001
  }
}
attr {
  key: "is_training"
  value {
    b: false
  }
}

Optimizing fused batch norm node name: "import/module_apply_default/InceptionV3/InceptionV3/Mixed_5b/Branch_0/Conv2d_0a_1x1/BatchNorm/FusedBatchNorm"
op: "FusedBatchNorm"
input: "import/module_apply_default/InceptionV3/InceptionV3/Mixed_5b/Branch_0/Conv2d_0a_1x1/Conv2D"
input: "import/module_apply_default/InceptionV3/InceptionV3/Mixed_5b/Branch_0/Conv2d_0a_1x1/BatchNorm/Const"
input: "import/module/InceptionV3/Mixed_5b/Branch_0/Conv2d_0a_1x1/BatchNorm/beta"
input: "import/module/InceptionV3/Mixed_5b/Branch_0/Conv2d_0a_1x1/BatchNorm/moving_mean"
input: "import/module/InceptionV3/Mixed_5b/Branch_0/Conv2d_0a_1x1/BatchNorm/moving_variance"
device: "/job:localhost/replica:0/task:0/device:CPU:0"
attr {
  key: "T"
  value {
    type: DT_FLOAT
  }
}
attr {
  key: "data_format"
  value {
    s: "NHWC"
  }
}
attr {
  key: "epsilon"
  value {
    f: 0.001
  }
}
attr {
  key: "is_training"
  value {
    b: false
  }
}

Optimizing fused batch norm node name: "import/module_apply_default/InceptionV3/InceptionV3/Mixed_5b/Branch_1/Conv2d_0a_1x1/BatchNorm/FusedBatchNorm"
op: "FusedBatchNorm"
input: "import/module_apply_default/InceptionV3/InceptionV3/Mixed_5b/Branch_1/Conv2d_0a_1x1/Conv2D"
input: "import/module_apply_default/InceptionV3/InceptionV3/Mixed_5b/Branch_1/Conv2d_0a_1x1/BatchNorm/Const"
input: "import/module/InceptionV3/Mixed_5b/Branch_1/Conv2d_0a_1x1/BatchNorm/beta"
input: "import/module/InceptionV3/Mixed_5b/Branch_1/Conv2d_0a_1x1/BatchNorm/moving_mean"
input: "import/module/InceptionV3/Mixed_5b/Branch_1/Conv2d_0a_1x1/BatchNorm/moving_variance"
device: "/job:localhost/replica:0/task:0/device:CPU:0"
attr {
  key: "T"
  value {
    type: DT_FLOAT
  }
}
attr {
  key: "data_format"
  value {
    s: "NHWC"
  }
}
attr {
  key: "epsilon"
  value {
    f: 0.001
  }
}
attr {
  key: "is_training"
  value {
    b: false
  }
}

Optimizing fused batch norm node name: "import/module_apply_default/InceptionV3/InceptionV3/Mixed_5b/Branch_1/Conv2d_0b_5x5/BatchNorm/FusedBatchNorm"
op: "FusedBatchNorm"
input: "import/module_apply_default/InceptionV3/InceptionV3/Mixed_5b/Branch_1/Conv2d_0b_5x5/Conv2D"
input: "import/module_apply_default/InceptionV3/InceptionV3/Mixed_5b/Branch_1/Conv2d_0b_5x5/BatchNorm/Const"
input: "import/module/InceptionV3/Mixed_5b/Branch_1/Conv2d_0b_5x5/BatchNorm/beta"
input: "import/module/InceptionV3/Mixed_5b/Branch_1/Conv2d_0b_5x5/BatchNorm/moving_mean"
input: "import/module/InceptionV3/Mixed_5b/Branch_1/Conv2d_0b_5x5/BatchNorm/moving_variance"
device: "/job:localhost/replica:0/task:0/device:CPU:0"
attr {
  key: "T"
  value {
    type: DT_FLOAT
  }
}
attr {
  key: "data_format"
  value {
    s: "NHWC"
  }
}
attr {
  key: "epsilon"
  value {
    f: 0.001
  }
}
attr {
  key: "is_training"
  value {
    b: false
  }
}

Optimizing fused batch norm node name: "import/module_apply_default/InceptionV3/InceptionV3/Mixed_5b/Branch_2/Conv2d_0a_1x1/BatchNorm/FusedBatchNorm"
op: "FusedBatchNorm"
input: "import/module_apply_default/InceptionV3/InceptionV3/Mixed_5b/Branch_2/Conv2d_0a_1x1/Conv2D"
input: "import/module_apply_default/InceptionV3/InceptionV3/Mixed_5b/Branch_2/Conv2d_0a_1x1/BatchNorm/Const"
input: "import/module/InceptionV3/Mixed_5b/Branch_2/Conv2d_0a_1x1/BatchNorm/beta"
input: "import/module/InceptionV3/Mixed_5b/Branch_2/Conv2d_0a_1x1/BatchNorm/moving_mean"
input: "import/module/InceptionV3/Mixed_5b/Branch_2/Conv2d_0a_1x1/BatchNorm/moving_variance"
device: "/job:localhost/replica:0/task:0/device:CPU:0"
attr {
  key: "T"
  value {
    type: DT_FLOAT
  }
}
attr {
  key: "data_format"
  value {
    s: "NHWC"
  }
}
attr {
  key: "epsilon"
  value {
    f: 0.001
  }
}
attr {
  key: "is_training"
  value {
    b: false
  }
}

Optimizing fused batch norm node name: "import/module_apply_default/InceptionV3/InceptionV3/Mixed_5b/Branch_2/Conv2d_0b_3x3/BatchNorm/FusedBatchNorm"
op: "FusedBatchNorm"
input: "import/module_apply_default/InceptionV3/InceptionV3/Mixed_5b/Branch_2/Conv2d_0b_3x3/Conv2D"
input: "import/module_apply_default/InceptionV3/InceptionV3/Mixed_5b/Branch_2/Conv2d_0b_3x3/BatchNorm/Const"
input: "import/module/InceptionV3/Mixed_5b/Branch_2/Conv2d_0b_3x3/BatchNorm/beta"
input: "import/module/InceptionV3/Mixed_5b/Branch_2/Conv2d_0b_3x3/BatchNorm/moving_mean"
input: "import/module/InceptionV3/Mixed_5b/Branch_2/Conv2d_0b_3x3/BatchNorm/moving_variance"
device: "/job:localhost/replica:0/task:0/device:CPU:0"
attr {
  key: "T"
  value {
    type: DT_FLOAT
  }
}
attr {
  key: "data_format"
  value {
    s: "NHWC"
  }
}
attr {
  key: "epsilon"
  value {
    f: 0.001
  }
}
attr {
  key: "is_training"
  value {
    b: false
  }
}

Optimizing fused batch norm node name: "import/module_apply_default/InceptionV3/InceptionV3/Mixed_5b/Branch_2/Conv2d_0c_3x3/BatchNorm/FusedBatchNorm"
op: "FusedBatchNorm"
input: "import/module_apply_default/InceptionV3/InceptionV3/Mixed_5b/Branch_2/Conv2d_0c_3x3/Conv2D"
input: "import/module_apply_default/InceptionV3/InceptionV3/Mixed_5b/Branch_2/Conv2d_0c_3x3/BatchNorm/Const"
input: "import/module/InceptionV3/Mixed_5b/Branch_2/Conv2d_0c_3x3/BatchNorm/beta"
input: "import/module/InceptionV3/Mixed_5b/Branch_2/Conv2d_0c_3x3/BatchNorm/moving_mean"
input: "import/module/InceptionV3/Mixed_5b/Branch_2/Conv2d_0c_3x3/BatchNorm/moving_variance"
device: "/job:localhost/replica:0/task:0/device:CPU:0"
attr {
  key: "T"
  value {
    type: DT_FLOAT
  }
}
attr {
  key: "data_format"
  value {
    s: "NHWC"
  }
}
attr {
  key: "epsilon"
  value {
    f: 0.001
  }
}
attr {
  key: "is_training"
  value {
    b: false
  }
}

Optimizing fused batch norm node name: "import/module_apply_default/InceptionV3/InceptionV3/Conv2d_1a_3x3/BatchNorm/FusedBatchNorm"
op: "FusedBatchNorm"
input: "import/module_apply_default/InceptionV3/InceptionV3/Conv2d_1a_3x3/Conv2D"
input: "import/module_apply_default/InceptionV3/InceptionV3/Conv2d_1a_3x3/BatchNorm/Const"
input: "import/module/InceptionV3/Conv2d_1a_3x3/BatchNorm/beta"
input: "import/module/InceptionV3/Conv2d_1a_3x3/BatchNorm/moving_mean"
input: "import/module/InceptionV3/Conv2d_1a_3x3/BatchNorm/moving_variance"
device: "/job:localhost/replica:0/task:0/device:CPU:0"
attr {
  key: "T"
  value {
    type: DT_FLOAT
  }
}
attr {
  key: "data_format"
  value {
    s: "NHWC"
  }
}
attr {
  key: "epsilon"
  value {
    f: 0.001
  }
}
attr {
  key: "is_training"
  value {
    b: false
  }
}

Optimizing fused batch norm node name: "import/module_apply_default/InceptionV3/InceptionV3/Conv2d_2a_3x3/BatchNorm/FusedBatchNorm"
op: "FusedBatchNorm"
input: "import/module_apply_default/InceptionV3/InceptionV3/Conv2d_2a_3x3/Conv2D"
input: "import/module_apply_default/InceptionV3/InceptionV3/Conv2d_2a_3x3/BatchNorm/Const"
input: "import/module/InceptionV3/Conv2d_2a_3x3/BatchNorm/beta"
input: "import/module/InceptionV3/Conv2d_2a_3x3/BatchNorm/moving_mean"
input: "import/module/InceptionV3/Conv2d_2a_3x3/BatchNorm/moving_variance"
device: "/job:localhost/replica:0/task:0/device:CPU:0"
attr {
  key: "T"
  value {
    type: DT_FLOAT
  }
}
attr {
  key: "data_format"
  value {
    s: "NHWC"
  }
}
attr {
  key: "epsilon"
  value {
    f: 0.001
  }
}
attr {
  key: "is_training"
  value {
    b: false
  }
}

Optimizing fused batch norm node name: "import/module_apply_default/InceptionV3/InceptionV3/Conv2d_2b_3x3/BatchNorm/FusedBatchNorm"
op: "FusedBatchNorm"
input: "import/module_apply_default/InceptionV3/InceptionV3/Conv2d_2b_3x3/Conv2D"
input: "import/module_apply_default/InceptionV3/InceptionV3/Conv2d_2b_3x3/BatchNorm/Const"
input: "import/module/InceptionV3/Conv2d_2b_3x3/BatchNorm/beta"
input: "import/module/InceptionV3/Conv2d_2b_3x3/BatchNorm/moving_mean"
input: "import/module/InceptionV3/Conv2d_2b_3x3/BatchNorm/moving_variance"
device: "/job:localhost/replica:0/task:0/device:CPU:0"
attr {
  key: "T"
  value {
    type: DT_FLOAT
  }
}
attr {
  key: "data_format"
  value {
    s: "NHWC"
  }
}
attr {
  key: "epsilon"
  value {
    f: 0.001
  }
}
attr {
  key: "is_training"
  value {
    b: false
  }
}

Optimizing fused batch norm node name: "import/module_apply_default/InceptionV3/InceptionV3/Conv2d_3b_1x1/BatchNorm/FusedBatchNorm"
op: "FusedBatchNorm"
input: "import/module_apply_default/InceptionV3/InceptionV3/Conv2d_3b_1x1/Conv2D"
input: "import/module_apply_default/InceptionV3/InceptionV3/Conv2d_3b_1x1/BatchNorm/Const"
input: "import/module/InceptionV3/Conv2d_3b_1x1/BatchNorm/beta"
input: "import/module/InceptionV3/Conv2d_3b_1x1/BatchNorm/moving_mean"
input: "import/module/InceptionV3/Conv2d_3b_1x1/BatchNorm/moving_variance"
device: "/job:localhost/replica:0/task:0/device:CPU:0"
attr {
  key: "T"
  value {
    type: DT_FLOAT
  }
}
attr {
  key: "data_format"
  value {
    s: "NHWC"
  }
}
attr {
  key: "epsilon"
  value {
    f: 0.001
  }
}
attr {
  key: "is_training"
  value {
    b: false
  }
}

Optimizing fused batch norm node name: "import/module_apply_default/InceptionV3/InceptionV3/Conv2d_4a_3x3/BatchNorm/FusedBatchNorm"
op: "FusedBatchNorm"
input: "import/module_apply_default/InceptionV3/InceptionV3/Conv2d_4a_3x3/Conv2D"
input: "import/module_apply_default/InceptionV3/InceptionV3/Conv2d_4a_3x3/BatchNorm/Const"
input: "import/module/InceptionV3/Conv2d_4a_3x3/BatchNorm/beta"
input: "import/module/InceptionV3/Conv2d_4a_3x3/BatchNorm/moving_mean"
input: "import/module/InceptionV3/Conv2d_4a_3x3/BatchNorm/moving_variance"
device: "/job:localhost/replica:0/task:0/device:CPU:0"
attr {
  key: "T"
  value {
    type: DT_FLOAT
  }
}
attr {
  key: "data_format"
  value {
    s: "NHWC"
  }
}
attr {
  key: "epsilon"
  value {
    f: 0.001
  }
}
attr {
  key: "is_training"
  value {
    b: false
  }
}

Optimizing fused batch norm node name: "import/module_apply_default/InceptionV3/InceptionV3/Mixed_5b/Branch_3/Conv2d_0b_1x1/BatchNorm/FusedBatchNorm"
op: "FusedBatchNorm"
input: "import/module_apply_default/InceptionV3/InceptionV3/Mixed_5b/Branch_3/Conv2d_0b_1x1/Conv2D"
input: "import/module_apply_default/InceptionV3/InceptionV3/Mixed_5b/Branch_3/Conv2d_0b_1x1/BatchNorm/Const"
input: "import/module/InceptionV3/Mixed_5b/Branch_3/Conv2d_0b_1x1/BatchNorm/beta"
input: "import/module/InceptionV3/Mixed_5b/Branch_3/Conv2d_0b_1x1/BatchNorm/moving_mean"
input: "import/module/InceptionV3/Mixed_5b/Branch_3/Conv2d_0b_1x1/BatchNorm/moving_variance"
device: "/job:localhost/replica:0/task:0/device:CPU:0"
attr {
  key: "T"
  value {
    type: DT_FLOAT
  }
}
attr {
  key: "data_format"
  value {
    s: "NHWC"
  }
}
attr {
  key: "epsilon"
  value {
    f: 0.001
  }
}
attr {
  key: "is_training"
  value {
    b: false
  }
}

Optimizing fused batch norm node name: "import/module_apply_default/InceptionV3/InceptionV3/Mixed_5c/Branch_3/Conv2d_0b_1x1/BatchNorm/FusedBatchNorm"
op: "FusedBatchNorm"
input: "import/module_apply_default/InceptionV3/InceptionV3/Mixed_5c/Branch_3/Conv2d_0b_1x1/Conv2D"
input: "import/module_apply_default/InceptionV3/InceptionV3/Mixed_5c/Branch_3/Conv2d_0b_1x1/BatchNorm/Const"
input: "import/module/InceptionV3/Mixed_5c/Branch_3/Conv2d_0b_1x1/BatchNorm/beta"
input: "import/module/InceptionV3/Mixed_5c/Branch_3/Conv2d_0b_1x1/BatchNorm/moving_mean"
input: "import/module/InceptionV3/Mixed_5c/Branch_3/Conv2d_0b_1x1/BatchNorm/moving_variance"
device: "/job:localhost/replica:0/task:0/device:CPU:0"
attr {
  key: "T"
  value {
    type: DT_FLOAT
  }
}
attr {
  key: "data_format"
  value {
    s: "NHWC"
  }
}
attr {
  key: "epsilon"
  value {
    f: 0.001
  }
}
attr {
  key: "is_training"
  value {
    b: false
  }
}

Optimizing fused batch norm node name: "import/module_apply_default/InceptionV3/InceptionV3/Mixed_5d/Branch_3/Conv2d_0b_1x1/BatchNorm/FusedBatchNorm"
op: "FusedBatchNorm"
input: "import/module_apply_default/InceptionV3/InceptionV3/Mixed_5d/Branch_3/Conv2d_0b_1x1/Conv2D"
input: "import/module_apply_default/InceptionV3/InceptionV3/Mixed_5d/Branch_3/Conv2d_0b_1x1/BatchNorm/Const"
input: "import/module/InceptionV3/Mixed_5d/Branch_3/Conv2d_0b_1x1/BatchNorm/beta"
input: "import/module/InceptionV3/Mixed_5d/Branch_3/Conv2d_0b_1x1/BatchNorm/moving_mean"
input: "import/module/InceptionV3/Mixed_5d/Branch_3/Conv2d_0b_1x1/BatchNorm/moving_variance"
device: "/job:localhost/replica:0/task:0/device:CPU:0"
attr {
  key: "T"
  value {
    type: DT_FLOAT
  }
}
attr {
  key: "data_format"
  value {
    s: "NHWC"
  }
}
attr {
  key: "epsilon"
  value {
    f: 0.001
  }
}
attr {
  key: "is_training"
  value {
    b: false
  }
}

Optimizing fused batch norm node name: "import/module_apply_default/InceptionV3/InceptionV3/Mixed_6b/Branch_3/Conv2d_0b_1x1/BatchNorm/FusedBatchNorm"
op: "FusedBatchNorm"
input: "import/module_apply_default/InceptionV3/InceptionV3/Mixed_6b/Branch_3/Conv2d_0b_1x1/Conv2D"
input: "import/module_apply_default/InceptionV3/InceptionV3/Mixed_6b/Branch_3/Conv2d_0b_1x1/BatchNorm/Const"
input: "import/module/InceptionV3/Mixed_6b/Branch_3/Conv2d_0b_1x1/BatchNorm/beta"
input: "import/module/InceptionV3/Mixed_6b/Branch_3/Conv2d_0b_1x1/BatchNorm/moving_mean"
input: "import/module/InceptionV3/Mixed_6b/Branch_3/Conv2d_0b_1x1/BatchNorm/moving_variance"
device: "/job:localhost/replica:0/task:0/device:CPU:0"
attr {
  key: "T"
  value {
    type: DT_FLOAT
  }
}
attr {
  key: "data_format"
  value {
    s: "NHWC"
  }
}
attr {
  key: "epsilon"
  value {
    f: 0.001
  }
}
attr {
  key: "is_training"
  value {
    b: false
  }
}

Optimizing fused batch norm node name: "import/module_apply_default/InceptionV3/InceptionV3/Mixed_6c/Branch_3/Conv2d_0b_1x1/BatchNorm/FusedBatchNorm"
op: "FusedBatchNorm"
input: "import/module_apply_default/InceptionV3/InceptionV3/Mixed_6c/Branch_3/Conv2d_0b_1x1/Conv2D"
input: "import/module_apply_default/InceptionV3/InceptionV3/Mixed_6c/Branch_3/Conv2d_0b_1x1/BatchNorm/Const"
input: "import/module/InceptionV3/Mixed_6c/Branch_3/Conv2d_0b_1x1/BatchNorm/beta"
input: "import/module/InceptionV3/Mixed_6c/Branch_3/Conv2d_0b_1x1/BatchNorm/moving_mean"
input: "import/module/InceptionV3/Mixed_6c/Branch_3/Conv2d_0b_1x1/BatchNorm/moving_variance"
device: "/job:localhost/replica:0/task:0/device:CPU:0"
attr {
  key: "T"
  value {
    type: DT_FLOAT
  }
}
attr {
  key: "data_format"
  value {
    s: "NHWC"
  }
}
attr {
  key: "epsilon"
  value {
    f: 0.001
  }
}
attr {
  key: "is_training"
  value {
    b: false
  }
}

Optimizing fused batch norm node name: "import/module_apply_default/InceptionV3/InceptionV3/Mixed_6d/Branch_3/Conv2d_0b_1x1/BatchNorm/FusedBatchNorm"
op: "FusedBatchNorm"
input: "import/module_apply_default/InceptionV3/InceptionV3/Mixed_6d/Branch_3/Conv2d_0b_1x1/Conv2D"
input: "import/module_apply_default/InceptionV3/InceptionV3/Mixed_6d/Branch_3/Conv2d_0b_1x1/BatchNorm/Const"
input: "import/module/InceptionV3/Mixed_6d/Branch_3/Conv2d_0b_1x1/BatchNorm/beta"
input: "import/module/InceptionV3/Mixed_6d/Branch_3/Conv2d_0b_1x1/BatchNorm/moving_mean"
input: "import/module/InceptionV3/Mixed_6d/Branch_3/Conv2d_0b_1x1/BatchNorm/moving_variance"
device: "/job:localhost/replica:0/task:0/device:CPU:0"
attr {
  key: "T"
  value {
    type: DT_FLOAT
  }
}
attr {
  key: "data_format"
  value {
    s: "NHWC"
  }
}
attr {
  key: "epsilon"
  value {
    f: 0.001
  }
}
attr {
  key: "is_training"
  value {
    b: false
  }
}

Optimizing fused batch norm node name: "import/module_apply_default/InceptionV3/InceptionV3/Mixed_6e/Branch_3/Conv2d_0b_1x1/BatchNorm/FusedBatchNorm"
op: "FusedBatchNorm"
input: "import/module_apply_default/InceptionV3/InceptionV3/Mixed_6e/Branch_3/Conv2d_0b_1x1/Conv2D"
input: "import/module_apply_default/InceptionV3/InceptionV3/Mixed_6e/Branch_3/Conv2d_0b_1x1/BatchNorm/Const"
input: "import/module/InceptionV3/Mixed_6e/Branch_3/Conv2d_0b_1x1/BatchNorm/beta"
input: "import/module/InceptionV3/Mixed_6e/Branch_3/Conv2d_0b_1x1/BatchNorm/moving_mean"
input: "import/module/InceptionV3/Mixed_6e/Branch_3/Conv2d_0b_1x1/BatchNorm/moving_variance"
device: "/job:localhost/replica:0/task:0/device:CPU:0"
attr {
  key: "T"
  value {
    type: DT_FLOAT
  }
}
attr {
  key: "data_format"
  value {
    s: "NHWC"
  }
}
attr {
  key: "epsilon"
  value {
    f: 0.001
  }
}
attr {
  key: "is_training"
  value {
    b: false
  }
}

Optimizing fused batch norm node name: "import/module_apply_default/InceptionV3/InceptionV3/Mixed_7b/Branch_3/Conv2d_0b_1x1/BatchNorm/FusedBatchNorm"
op: "FusedBatchNorm"
input: "import/module_apply_default/InceptionV3/InceptionV3/Mixed_7b/Branch_3/Conv2d_0b_1x1/Conv2D"
input: "import/module_apply_default/InceptionV3/InceptionV3/Mixed_7b/Branch_3/Conv2d_0b_1x1/BatchNorm/Const"
input: "import/module/InceptionV3/Mixed_7b/Branch_3/Conv2d_0b_1x1/BatchNorm/beta"
input: "import/module/InceptionV3/Mixed_7b/Branch_3/Conv2d_0b_1x1/BatchNorm/moving_mean"
input: "import/module/InceptionV3/Mixed_7b/Branch_3/Conv2d_0b_1x1/BatchNorm/moving_variance"
device: "/job:localhost/replica:0/task:0/device:CPU:0"
attr {
  key: "T"
  value {
    type: DT_FLOAT
  }
}
attr {
  key: "data_format"
  value {
    s: "NHWC"
  }
}
attr {
  key: "epsilon"
  value {
    f: 0.001
  }
}
attr {
  key: "is_training"
  value {
    b: false
  }
}

Optimizing fused batch norm node name: "import/module_apply_default/InceptionV3/InceptionV3/Mixed_7c/Branch_3/Conv2d_0b_1x1/BatchNorm/FusedBatchNorm"
op: "FusedBatchNorm"
input: "import/module_apply_default/InceptionV3/InceptionV3/Mixed_7c/Branch_3/Conv2d_0b_1x1/Conv2D"
input: "import/module_apply_default/InceptionV3/InceptionV3/Mixed_7c/Branch_3/Conv2d_0b_1x1/BatchNorm/Const"
input: "import/module/InceptionV3/Mixed_7c/Branch_3/Conv2d_0b_1x1/BatchNorm/beta"
input: "import/module/InceptionV3/Mixed_7c/Branch_3/Conv2d_0b_1x1/BatchNorm/moving_mean"
input: "import/module/InceptionV3/Mixed_7c/Branch_3/Conv2d_0b_1x1/BatchNorm/moving_variance"
device: "/job:localhost/replica:0/task:0/device:CPU:0"
attr {
  key: "T"
  value {
    type: DT_FLOAT
  }
}
attr {
  key: "data_format"
  value {
    s: "NHWC"
  }
}
attr {
  key: "epsilon"
  value {
    f: 0.001
  }
}
attr {
  key: "is_training"
  value {
    b: false
  }
}

russianblue 0.88308007
munchkin 0.048991084
mikanecat 0.030697444
americanshorthair 0.02067049
persia 0.016560925
