american shorthair: 0.25
scottish straight: 0.11
toyger: 0.07
mainecoon: 0.06
scottish fold: 0.06
british shorthair: 0.05
siberian cat: 0.05
norwegian forest cat: 0.04
bengal: 0.04
egyptianmau: 0.04
chartreux: 0.03
ragamuffin: 0.03
american curl: 0.03
kinkalow: 0.03
somali cat: 0.02
munchkin cat: 0.02
laperm: 0.02
abyssinian: 0.02
exotic shorthair: 0.01
minuet cat: 0.01
selkirk rex: 0.01
singapura cat: 0.01
british longhair: 0.01
ragdoll: 0.01
tonkinese: 0.00
birman: 0.00
himalayan cat: 0.00
chinchilla persian: 0.00
persian cat: 0.00
